#
# A fatal error has been detected by the Java Runtime Environment:
#
#  Internal Error (javaCalls.cpp:51), pid=3592, tid=0x000000000000153c
#  guarantee(thread->is_Java_thread()) failed: crucial check - the VM thread cannot and must not escape to Java code
#
# JRE version: Java(TM) SE Runtime Environment (8.0_211-b12) (build 1.8.0_211-b12)
# Java VM: Java HotSpot(TM) 64-Bit Server VM (25.211-b12 mixed mode windows-amd64 compressed oops)
# Failed to write core dump. Minidumps are not enabled by default on client versions of Windows
#
# If you would like to submit a bug report, please visit:
#   http://bugreport.java.com/bugreport/crash.jsp
#

---------------  T H R E A D  ---------------

Current thread (0x0000000018229000):  VMThread [stack: 0x0000000019f20000,0x000000001a020000] [id=5436]

Stack: [0x0000000019f20000,0x000000001a020000]
[error occurred during error reporting (printing stack bounds), id 0xc0000005]

Native frames: (J=compiled Java code, j=interpreted, Vv=VM code, C=native code)

VM_Operation (0x000000001ad5f460): GetOrSetLocal, mode: safepoint, requested by thread 0x000000001a159800


---------------  P R O C E S S  ---------------

Java Threads: ( => current thread )
  0x000000001c66e800 JavaThread "Okio Watchdog" daemon [_thread_blocked, id=2996, stack(0x000000001e9c0000,0x000000001eac0000)]
  0x000000001b80f000 JavaThread "ReaderThread" [_thread_in_native, id=12716, stack(0x000000001be60000,0x000000001bf60000)]
  0x000000001a220800 JavaThread "Service Thread" daemon [_thread_blocked, id=1804, stack(0x000000001b360000,0x000000001b460000)]
  0x000000001a18b800 JavaThread "C1 CompilerThread3" daemon [_thread_blocked, id=10292, stack(0x000000001b260000,0x000000001b360000)]
  0x000000001a185000 JavaThread "C2 CompilerThread2" daemon [_thread_blocked, id=3552, stack(0x000000001b160000,0x000000001b260000)]
  0x000000001a184000 JavaThread "C2 CompilerThread1" daemon [_thread_blocked, id=9164, stack(0x000000001b060000,0x000000001b160000)]
  0x000000001a187800 JavaThread "C2 CompilerThread0" daemon [_thread_blocked, id=11380, stack(0x000000001af60000,0x000000001b060000)]
  0x000000001a16b800 JavaThread "JDWP Command Reader" daemon [_thread_in_native, id=12764, stack(0x000000001ae60000,0x000000001af60000)]
  0x000000001a166800 JavaThread "JDWP Event Helper Thread" daemon [_thread_blocked, id=13184, stack(0x000000001ad60000,0x000000001ae60000)]
  0x000000001a159800 JavaThread "JDWP Transport Listener: dt_socket" daemon [_thread_blocked, id=11292, stack(0x000000001ac60000,0x000000001ad60000)]
  0x000000001a14f000 JavaThread "Attach Listener" daemon [_thread_blocked, id=12732, stack(0x000000001a820000,0x000000001a920000)]
  0x000000001a14e000 JavaThread "Signal Dispatcher" daemon [_thread_blocked, id=12536, stack(0x000000001a720000,0x000000001a820000)]
  0x000000001a140800 JavaThread "Finalizer" daemon [_thread_blocked, id=10532, stack(0x000000001a520000,0x000000001a620000)]
  0x000000001822d800 JavaThread "Reference Handler" daemon [_thread_blocked, id=12244, stack(0x000000001a020000,0x000000001a120000)]
  0x00000000031c6000 JavaThread "main" [_thread_blocked, id=9172, stack(0x00000000030c0000,0x00000000031c0000)]

Other Threads:
=>0x0000000018229000 VMThread [stack: 0x0000000019f20000,0x000000001a020000] [id=5436]
  0x000000001a236000 WatcherThread [stack: 0x000000001b460000,0x000000001b560000] [id=4596]

VM state:at safepoint (normal execution)

VM Mutex/Monitor currently owned by a thread:  ([mutex/lock_event])
[0x00000000031c34d0] Threads_lock - owner thread: 0x0000000018229000

heap address: 0x0000000081e00000, size: 2018 MB, Compressed Oops mode: 32-bit
Narrow klass base: 0x0000000000000000, Narrow klass shift: 3
Compressed class space size: 1073741824 Address: 0x0000000100000000

Heap:
 PSYoungGen      total 38400K, used 216K [0x00000000d5f80000, 0x00000000d8a00000, 0x0000000100000000)
  eden space 33280K, 0% used [0x00000000d5f80000,0x00000000d5fb62c0,0x00000000d8000000)
  from space 5120K, 0% used [0x00000000d8500000,0x00000000d8500000,0x00000000d8a00000)
  to   space 5120K, 0% used [0x00000000d8000000,0x00000000d8000000,0x00000000d8500000)
 ParOldGen       total 46592K, used 7467K [0x0000000081e00000, 0x0000000084b80000, 0x00000000d5f80000)
  object space 46592K, 16% used [0x0000000081e00000,0x000000008254aeb8,0x0000000084b80000)
 Metaspace       used 20397K, capacity 21204K, committed 21296K, reserved 1069056K
  class space    used 2456K, capacity 2678K, committed 2688K, reserved 1048576K

Card table byte_map: [0x0000000012680000,0x0000000012a80000] byte_map_base: 0x0000000012271000

Marking Bits: (ParMarkBitMap*) 0x000000005d185ce0
 Begin Bits: [0x0000000013530000, 0x00000000154b8000)
 End Bits:   [0x00000000154b8000, 0x0000000017440000)

Polling page: 0x00000000018b0000

CodeCache: size=245760Kb used=7790Kb max_used=7805Kb free=237969Kb
 bounds [0x00000000032c0000, 0x0000000003a70000, 0x00000000122c0000]
 total_blobs=2822 nmethods=2384 adapters=358
 compilation: enabled

Compilation events (10 events):
Event: 57.831 Thread 0x000000001a187800 2384 %     4       java.util.HashMap$EntrySpliterator::forEachRemaining @ 122 (183 bytes)
Event: 57.832 Thread 0x000000001a18b800 2385       3       java.lang.Long::valueOf (36 bytes)
Event: 57.833 Thread 0x000000001a18b800 nmethod 2385 0x0000000003a5a650 code [0x0000000003a5a7c0, 0x0000000003a5ab30]
Event: 57.849 Thread 0x000000001a187800 nmethod 2384% 0x0000000003a5e510 code [0x0000000003a5e700, 0x0000000003a605c8]
Event: 57.859 Thread 0x000000001a18b800 2386       3       com.google.common.collect.Iterators::forArray (51 bytes)
Event: 57.860 Thread 0x000000001a185000 2388       4       java.util.stream.IntPipeline$4$1::accept (23 bytes)
Event: 57.860 Thread 0x000000001a18b800 nmethod 2386 0x0000000003a59090 code [0x0000000003a592e0, 0x0000000003a59e18]
Event: 57.860 Thread 0x000000001a18b800 2387       3       com.google.common.base.Preconditions::checkPositionIndexes (29 bytes)
Event: 57.860 Thread 0x000000001a18b800 nmethod 2387 0x0000000003a58ad0 code [0x0000000003a58c60, 0x0000000003a58f58]
Event: 57.868 Thread 0x000000001a185000 nmethod 2388 0x0000000003a64490 code [0x0000000003a64660, 0x0000000003a65658]

GC Heap History (10 events):
Event: 3.020 GC heap before
{Heap before GC invocations=1 (full 0):
 PSYoungGen      total 38400K, used 33280K [0x00000000d5f80000, 0x00000000d8a00000, 0x0000000100000000)
  eden space 33280K, 100% used [0x00000000d5f80000,0x00000000d8000000,0x00000000d8000000)
  from space 5120K, 0% used [0x00000000d8500000,0x00000000d8500000,0x00000000d8a00000)
  to   space 5120K, 0% used [0x00000000d8000000,0x00000000d8000000,0x00000000d8500000)
 ParOldGen       total 87552K, used 0K [0x0000000081e00000, 0x0000000087380000, 0x00000000d5f80000)
  object space 87552K, 0% used [0x0000000081e00000,0x0000000081e00000,0x0000000087380000)
 Metaspace       used 12110K, capacity 12304K, committed 12544K, reserved 1060864K
  class space    used 1383K, capacity 1472K, committed 1536K, reserved 1048576K
Event: 3.026 GC heap after
Heap after GC invocations=1 (full 0):
 PSYoungGen      total 38400K, used 5104K [0x00000000d5f80000, 0x00000000d8a00000, 0x0000000100000000)
  eden space 33280K, 0% used [0x00000000d5f80000,0x00000000d5f80000,0x00000000d8000000)
  from space 5120K, 99% used [0x00000000d8000000,0x00000000d84fc3d0,0x00000000d8500000)
  to   space 5120K, 0% used [0x00000000d8500000,0x00000000d8500000,0x00000000d8a00000)
 ParOldGen       total 87552K, used 2711K [0x0000000081e00000, 0x0000000087380000, 0x00000000d5f80000)
  object space 87552K, 3% used [0x0000000081e00000,0x00000000820a5e98,0x0000000087380000)
 Metaspace       used 12110K, capacity 12304K, committed 12544K, reserved 1060864K
  class space    used 1383K, capacity 1472K, committed 1536K, reserved 1048576K
}
Event: 6.065 GC heap before
{Heap before GC invocations=2 (full 0):
 PSYoungGen      total 38400K, used 38384K [0x00000000d5f80000, 0x00000000d8a00000, 0x0000000100000000)
  eden space 33280K, 100% used [0x00000000d5f80000,0x00000000d8000000,0x00000000d8000000)
  from space 5120K, 99% used [0x00000000d8000000,0x00000000d84fc3d0,0x00000000d8500000)
  to   space 5120K, 0% used [0x00000000d8500000,0x00000000d8500000,0x00000000d8a00000)
 ParOldGen       total 87552K, used 2711K [0x0000000081e00000, 0x0000000087380000, 0x00000000d5f80000)
  object space 87552K, 3% used [0x0000000081e00000,0x00000000820a5e98,0x0000000087380000)
 Metaspace       used 17823K, capacity 18506K, committed 18816K, reserved 1064960K
  class space    used 2157K, capacity 2335K, committed 2432K, reserved 1048576K
Event: 6.071 GC heap after
Heap after GC invocations=2 (full 0):
 PSYoungGen      total 38400K, used 5104K [0x00000000d5f80000, 0x00000000d8a00000, 0x0000000100000000)
  eden space 33280K, 0% used [0x00000000d5f80000,0x00000000d5f80000,0x00000000d8000000)
  from space 5120K, 99% used [0x00000000d8500000,0x00000000d89fc280,0x00000000d8a00000)
  to   space 5120K, 0% used [0x00000000d8000000,0x00000000d8000000,0x00000000d8500000)
 ParOldGen       total 87552K, used 7218K [0x0000000081e00000, 0x0000000087380000, 0x00000000d5f80000)
  object space 87552K, 8% used [0x0000000081e00000,0x000000008250c988,0x0000000087380000)
 Metaspace       used 17823K, capacity 18506K, committed 18816K, reserved 1064960K
  class space    used 2157K, capacity 2335K, committed 2432K, reserved 1048576K
}
Event: 37.285 GC heap before
{Heap before GC invocations=3 (full 0):
 PSYoungGen      total 38400K, used 38384K [0x00000000d5f80000, 0x00000000d8a00000, 0x0000000100000000)
  eden space 33280K, 100% used [0x00000000d5f80000,0x00000000d8000000,0x00000000d8000000)
  from space 5120K, 99% used [0x00000000d8500000,0x00000000d89fc280,0x00000000d8a00000)
  to   space 5120K, 0% used [0x00000000d8000000,0x00000000d8000000,0x00000000d8500000)
 ParOldGen       total 87552K, used 7218K [0x0000000081e00000, 0x0000000087380000, 0x00000000d5f80000)
  object space 87552K, 8% used [0x0000000081e00000,0x000000008250c988,0x0000000087380000)
 Metaspace       used 20140K, capacity 20994K, committed 21120K, reserved 1067008K
  class space    used 2440K, capacity 2649K, committed 2688K, reserved 1048576K
Event: 37.290 GC heap after
Heap after GC invocations=3 (full 0):
 PSYoungGen      total 38400K, used 5090K [0x00000000d5f80000, 0x00000000d8a00000, 0x0000000100000000)
  eden space 33280K, 0% used [0x00000000d5f80000,0x00000000d5f80000,0x00000000d8000000)
  from space 5120K, 99% used [0x00000000d8000000,0x00000000d84f8908,0x00000000d8500000)
  to   space 5120K, 0% used [0x00000000d8500000,0x00000000d8500000,0x00000000d8a00000)
 ParOldGen       total 87552K, used 8940K [0x0000000081e00000, 0x0000000087380000, 0x00000000d5f80000)
  object space 87552K, 10% used [0x0000000081e00000,0x00000000826bb3e8,0x0000000087380000)
 Metaspace       used 20140K, capacity 20994K, committed 21120K, reserved 1067008K
  class space    used 2440K, capacity 2649K, committed 2688K, reserved 1048576K
}
Event: 523.267 GC heap before
{Heap before GC invocations=4 (full 0):
 PSYoungGen      total 38400K, used 30290K [0x00000000d5f80000, 0x00000000d8a00000, 0x0000000100000000)
  eden space 33280K, 75% used [0x00000000d5f80000,0x00000000d781c1a0,0x00000000d8000000)
  from space 5120K, 99% used [0x00000000d8000000,0x00000000d84f8908,0x00000000d8500000)
  to   space 5120K, 0% used [0x00000000d8500000,0x00000000d8500000,0x00000000d8a00000)
 ParOldGen       total 87552K, used 8940K [0x0000000081e00000, 0x0000000087380000, 0x00000000d5f80000)
  object space 87552K, 10% used [0x0000000081e00000,0x00000000826bb3e8,0x0000000087380000)
 Metaspace       used 20407K, capacity 21240K, committed 21296K, reserved 1069056K
  class space    used 2459K, capacity 2684K, committed 2688K, reserved 1048576K
Event: 523.270 GC heap after
Heap after GC invocations=4 (full 0):
 PSYoungGen      total 38400K, used 5108K [0x00000000d5f80000, 0x00000000d8a00000, 0x0000000100000000)
  eden space 33280K, 0% used [0x00000000d5f80000,0x00000000d5f80000,0x00000000d8000000)
  from space 5120K, 99% used [0x00000000d8500000,0x00000000d89fd1f8,0x00000000d8a00000)
  to   space 5120K, 0% used [0x00000000d8000000,0x00000000d8000000,0x00000000d8500000)
 ParOldGen       total 87552K, used 8991K [0x0000000081e00000, 0x0000000087380000, 0x00000000d5f80000)
  object space 87552K, 10% used [0x0000000081e00000,0x00000000826c7db8,0x0000000087380000)
 Metaspace       used 20407K, capacity 21240K, committed 21296K, reserved 1069056K
  class space    used 2459K, capacity 2684K, committed 2688K, reserved 1048576K
}
Event: 523.270 GC heap before
{Heap before GC invocations=5 (full 1):
 PSYoungGen      total 38400K, used 5108K [0x00000000d5f80000, 0x00000000d8a00000, 0x0000000100000000)
  eden space 33280K, 0% used [0x00000000d5f80000,0x00000000d5f80000,0x00000000d8000000)
  from space 5120K, 99% used [0x00000000d8500000,0x00000000d89fd1f8,0x00000000d8a00000)
  to   space 5120K, 0% used [0x00000000d8000000,0x00000000d8000000,0x00000000d8500000)
 ParOldGen       total 87552K, used 8991K [0x0000000081e00000, 0x0000000087380000, 0x00000000d5f80000)
  object space 87552K, 10% used [0x0000000081e00000,0x00000000826c7db8,0x0000000087380000)
 Metaspace       used 20407K, capacity 21240K, committed 21296K, reserved 1069056K
  class space    used 2459K, capacity 2684K, committed 2688K, reserved 1048576K
Event: 523.294 GC heap after
Heap after GC invocations=5 (full 1):
 PSYoungGen      total 38400K, used 0K [0x00000000d5f80000, 0x00000000d8a00000, 0x0000000100000000)
  eden space 33280K, 0% used [0x00000000d5f80000,0x00000000d5f80000,0x00000000d8000000)
  from space 5120K, 0% used [0x00000000d8500000,0x00000000d8500000,0x00000000d8a00000)
  to   space 5120K, 0% used [0x00000000d8000000,0x00000000d8000000,0x00000000d8500000)
 ParOldGen       total 46592K, used 7467K [0x0000000081e00000, 0x0000000084b80000, 0x00000000d5f80000)
  object space 46592K, 16% used [0x0000000081e00000,0x000000008254aeb8,0x0000000084b80000)
 Metaspace       used 20395K, capacity 21204K, committed 21296K, reserved 1069056K
  class space    used 2455K, capacity 2678K, committed 2688K, reserved 1048576K
}

Deoptimization events (10 events):
Event: 15.433 Thread 0x00000000031c6000 Uncommon trap: reason=class_check action=maybe_recompile pc=0x0000000003822888 method=org.openqa.selenium.json.Input.init()V @ 18
Event: 15.433 Thread 0x00000000031c6000 Uncommon trap: reason=class_check action=maybe_recompile pc=0x00000000038245fc method=org.openqa.selenium.json.Input.init()V @ 18
Event: 15.433 Thread 0x00000000031c6000 Uncommon trap: reason=class_check action=maybe_recompile pc=0x00000000038245fc method=org.openqa.selenium.json.Input.init()V @ 18
Event: 15.433 Thread 0x00000000031c6000 Uncommon trap: reason=class_check action=maybe_recompile pc=0x0000000003822888 method=org.openqa.selenium.json.Input.init()V @ 18
Event: 16.029 Thread 0x00000000031c6000 Uncommon trap: reason=unstable_if action=reinterpret pc=0x0000000003637f7c method=sun.nio.cs.UTF_8$Decoder.decode([BII[C)I @ 30
Event: 16.042 Thread 0x000000001c0ac000 Uncommon trap: reason=unstable_if action=reinterpret pc=0x000000000386bcd0 method=org.openqa.selenium.io.CircularOutputStream.write(I)V @ 9
Event: 16.043 Thread 0x000000001c0ac000 Uncommon trap: reason=unstable_if action=reinterpret pc=0x000000000386e608 method=org.openqa.selenium.io.CircularOutputStream.write(I)V @ 26
Event: 16.581 Thread 0x00000000031c6000 Uncommon trap: reason=unstable_if action=reinterpret pc=0x0000000003433474 method=sun.nio.cs.UTF_8$Encoder.encode([CII[B)I @ 33
Event: 23.004 Thread 0x000000001c0ac000 Uncommon trap: reason=unstable_if action=reinterpret pc=0x00000000038f767c method=org.openqa.selenium.io.CircularOutputStream.write(I)V @ 52
Event: 51.149 Thread 0x00000000031c6000 Uncommon trap: reason=unstable_if action=reinterpret pc=0x00000000035496dc method=java.util.ArrayList.rangeCheck(I)V @ 5

Classes redefined (4 events):
Event: 454.183 Thread 0x0000000018229000 redefined class name=vnpay.vietcombank.sdk.sortUtility.FlowSortUtility, count=1
Event: 471.034 Thread 0x0000000018229000 redefined class name=vnpay.vietcombank.sdk.sortUtility.FlowSortUtility, count=2
Event: 523.303 Thread 0x0000000018229000 redefined class name=vnpay.vietcombank.sdk.sortUtility.FlowSortUtility, count=3
Event: 759.076 Thread 0x0000000018229000 redefined class name=vnpay.vietcombank.sdk.sortUtility.FlowSortUtility, count=4

Internal exceptions (10 events):
Event: 54.999 Thread 0x00000000031c6000 Exception <a 'java/net/SocketTimeoutException': Read timed out> (0x00000000d74d1800) thrown at [C:\re\workspace\8-2-build-windows-amd64-cygwin\jdk8u211\12973\hotspot\src\share\vm\prims\jni.cpp, line 736]
Event: 55.043 Thread 0x00000000031c6000 Exception <a 'java/net/SocketTimeoutException': Read timed out> (0x00000000d75274c0) thrown at [C:\re\workspace\8-2-build-windows-amd64-cygwin\jdk8u211\12973\hotspot\src\share\vm\prims\jni.cpp, line 736]
Event: 56.132 Thread 0x00000000031c6000 Exception <a 'java/net/SocketTimeoutException': Read timed out> (0x00000000d75568c8) thrown at [C:\re\workspace\8-2-build-windows-amd64-cygwin\jdk8u211\12973\hotspot\src\share\vm\prims\jni.cpp, line 736]
Event: 56.293 Thread 0x00000000031c6000 Exception <a 'java/net/SocketTimeoutException': Read timed out> (0x00000000d7578450) thrown at [C:\re\workspace\8-2-build-windows-amd64-cygwin\jdk8u211\12973\hotspot\src\share\vm\prims\jni.cpp, line 736]
Event: 56.335 Thread 0x00000000031c6000 Exception <a 'java/net/SocketTimeoutException': Read timed out> (0x00000000d758eff0) thrown at [C:\re\workspace\8-2-build-windows-amd64-cygwin\jdk8u211\12973\hotspot\src\share\vm\prims\jni.cpp, line 736]
Event: 57.044 Thread 0x00000000031c6000 Exception <a 'java/net/SocketTimeoutException': Read timed out> (0x00000000d75bc0f8) thrown at [C:\re\workspace\8-2-build-windows-amd64-cygwin\jdk8u211\12973\hotspot\src\share\vm\prims\jni.cpp, line 736]
Event: 57.436 Thread 0x00000000031c6000 Exception <a 'java/net/SocketTimeoutException': Read timed out> (0x00000000d7680810) thrown at [C:\re\workspace\8-2-build-windows-amd64-cygwin\jdk8u211\12973\hotspot\src\share\vm\prims\jni.cpp, line 736]
Event: 57.862 Thread 0x00000000031c6000 Exception <a 'java/net/SocketTimeoutException': Read timed out> (0x00000000d76ad648) thrown at [C:\re\workspace\8-2-build-windows-amd64-cygwin\jdk8u211\12973\hotspot\src\share\vm\prims\jni.cpp, line 736]
Event: 58.254 Thread 0x00000000031c6000 Exception <a 'java/net/SocketTimeoutException': Read timed out> (0x00000000d76ff5d0) thrown at [C:\re\workspace\8-2-build-windows-amd64-cygwin\jdk8u211\12973\hotspot\src\share\vm\prims\jni.cpp, line 736]
Event: 58.315 Thread 0x00000000031c6000 Exception <a 'java/net/SocketTimeoutException': Read timed out> (0x00000000d773a980) thrown at [C:\re\workspace\8-2-build-windows-amd64-cygwin\jdk8u211\12973\hotspot\src\share\vm\prims\jni.cpp, line 736]

Events (10 events):
Event: 931.637 Executing VM operation: GetOrSetLocal done
Event: 931.639 Executing VM operation: GetOrSetLocal
Event: 931.639 Executing VM operation: GetOrSetLocal done
Event: 931.640 Executing VM operation: GetOrSetLocal
Event: 931.640 Executing VM operation: GetOrSetLocal done
Event: 931.650 Executing VM operation: GetOrSetLocal
Event: 931.650 Executing VM operation: GetOrSetLocal done
Event: 931.652 Executing VM operation: GetOrSetLocal
Event: 931.652 Executing VM operation: GetOrSetLocal done
Event: 931.663 Executing VM operation: GetOrSetLocal


Dynamic libraries:
0x00007ff7de620000 - 0x00007ff7de657000 	C:\Program Files\Java\jre1.8.0_211\bin\javaw.exe
0x00007ff9190b0000 - 0x00007ff91929d000 	C:\Windows\SYSTEM32\ntdll.dll
0x00007ff916b20000 - 0x00007ff916bd3000 	C:\Windows\System32\KERNEL32.DLL
0x00007ff915dd0000 - 0x00007ff916063000 	C:\Windows\System32\KERNELBASE.dll
0x00007ff917190000 - 0x00007ff917233000 	C:\Windows\System32\ADVAPI32.dll
0x00007ff916be0000 - 0x00007ff916c7e000 	C:\Windows\System32\msvcrt.dll
0x00007ff916fc0000 - 0x00007ff91705e000 	C:\Windows\System32\sechost.dll
0x00007ff9169f0000 - 0x00007ff916b13000 	C:\Windows\System32\RPCRT4.dll
0x00007ff9162e0000 - 0x00007ff916477000 	C:\Windows\System32\USER32.dll
0x00007ff916070000 - 0x00007ff916090000 	C:\Windows\System32\win32u.dll
0x00007ff918d90000 - 0x00007ff918db9000 	C:\Windows\System32\GDI32.dll
0x00007ff916090000 - 0x00007ff91622a000 	C:\Windows\System32\gdi32full.dll
0x00007ff915360000 - 0x00007ff915400000 	C:\Windows\System32\msvcp_win.dll
0x00007ff915180000 - 0x00007ff91527c000 	C:\Windows\System32\ucrtbase.dll
0x00007ff8f9e60000 - 0x00007ff8fa0d9000 	C:\Windows\WinSxS\amd64_microsoft.windows.common-controls_6595b64144ccf1df_6.0.17763.1_none_f040600eff408c2d\COMCTL32.dll
0x00007ff916480000 - 0x00007ff9167ae000 	C:\Windows\System32\combase.dll
0x00007ff915400000 - 0x00007ff91547e000 	C:\Windows\System32\bcryptPrimitives.dll
0x00007ff917320000 - 0x00007ff91734e000 	C:\Windows\System32\IMM32.DLL
0x00007ff8ec950000 - 0x00007ff8eca02000 	C:\Program Files\McAfee\Endpoint Security\Threat Prevention\Ips\EpMPApi.dll
0x00007ff915280000 - 0x00007ff9152d8000 	C:\Windows\System32\WINTRUST.dll
0x00007ff915160000 - 0x00007ff915172000 	C:\Windows\System32\MSASN1.dll
0x00007ff915bf0000 - 0x00007ff915dcb000 	C:\Windows\System32\CRYPT32.dll
0x000000005d520000 - 0x000000005d52c000 	C:\Program Files\McAfee\Endpoint Security\Threat Prevention\Ips\EpMPThe.dll
0x000000005bfd0000 - 0x000000005c0a2000 	C:\Program Files\Java\jre1.8.0_211\bin\msvcr100.dll
0x000000005c960000 - 0x000000005d205000 	C:\Program Files\Java\jre1.8.0_211\bin\server\jvm.dll
0x00007ff916cf0000 - 0x00007ff916cf8000 	C:\Windows\System32\PSAPI.DLL
0x00007ff907410000 - 0x00007ff907434000 	C:\Windows\SYSTEM32\WINMM.dll
0x00007ff913ca0000 - 0x00007ff913caa000 	C:\Windows\SYSTEM32\VERSION.dll
0x00007ff913c20000 - 0x00007ff913c29000 	C:\Windows\SYSTEM32\WSOCK32.dll
0x00007ff916de0000 - 0x00007ff916e4d000 	C:\Windows\System32\WS2_32.dll
0x00007ff9073e0000 - 0x00007ff90740d000 	C:\Windows\SYSTEM32\WINMMBASE.dll
0x00007ff9152e0000 - 0x00007ff91532a000 	C:\Windows\System32\cfgmgr32.dll
0x00007ff906e40000 - 0x00007ff906e4f000 	C:\Program Files\Java\jre1.8.0_211\bin\verify.dll
0x00007ff8f8e00000 - 0x00007ff8f8e29000 	C:\Program Files\Java\jre1.8.0_211\bin\java.dll
0x00007ff90df80000 - 0x00007ff90dfb5000 	C:\Program Files\Java\jre1.8.0_211\bin\jdwp.dll
0x00007ff90df70000 - 0x00007ff90df78000 	C:\Program Files\Java\jre1.8.0_211\bin\npt.dll
0x00007ff906410000 - 0x00007ff906426000 	C:\Program Files\Java\jre1.8.0_211\bin\zip.dll
0x00007ff917880000 - 0x00007ff918d6f000 	C:\Windows\System32\SHELL32.dll
0x00007ff918dc0000 - 0x00007ff918e68000 	C:\Windows\System32\shcore.dll
0x00007ff915480000 - 0x00007ff915bc8000 	C:\Windows\System32\windows.storage.dll
0x00007ff915130000 - 0x00007ff915154000 	C:\Windows\System32\profapi.dll
0x00007ff9150d0000 - 0x00007ff91512d000 	C:\Windows\System32\powrprof.dll
0x00007ff916910000 - 0x00007ff916962000 	C:\Windows\System32\shlwapi.dll
0x00007ff9150b0000 - 0x00007ff9150c1000 	C:\Windows\System32\kernel.appcore.dll
0x00007ff915bd0000 - 0x00007ff915be7000 	C:\Windows\System32\cryptsp.dll
0x00007ff90df60000 - 0x00007ff90df69000 	C:\Program Files\Java\jre1.8.0_211\bin\dt_socket.dll
0x00007ff8f72a0000 - 0x00007ff8f72b6000 	C:\Windows\system32\napinsp.dll
0x00007ff8f7280000 - 0x00007ff8f729a000 	C:\Windows\system32\pnrpnsp.dll
0x00007ff914940000 - 0x00007ff9149a7000 	C:\Windows\System32\mswsock.dll
0x00007ff9146e0000 - 0x00007ff9147a6000 	C:\Windows\SYSTEM32\DNSAPI.dll
0x00007ff916ce0000 - 0x00007ff916ce8000 	C:\Windows\System32\NSI.dll
0x00007ff9146a0000 - 0x00007ff9146dd000 	C:\Windows\SYSTEM32\IPHLPAPI.DLL
0x00007ff8f76c0000 - 0x00007ff8f76ce000 	C:\Windows\System32\winrnr.dll
0x00007ff90df10000 - 0x00007ff90df2b000 	C:\Windows\system32\NLAapi.dll
0x00007ff90a710000 - 0x00007ff90a725000 	C:\Windows\system32\wshbth.dll
0x00007ff90bcf0000 - 0x00007ff90bd69000 	C:\Windows\System32\fwpuclnt.dll
0x00007ff915330000 - 0x00007ff915356000 	C:\Windows\System32\bcrypt.dll
0x00007ff9096c0000 - 0x00007ff9096ca000 	C:\Windows\System32\rasadhlp.dll
0x00007ff905660000 - 0x00007ff90567a000 	C:\Program Files\Java\jre1.8.0_211\bin\net.dll
0x00007ff908ce0000 - 0x00007ff908eb7000 	C:\Windows\SYSTEM32\urlmon.dll
0x00007ff908650000 - 0x00007ff9088f8000 	C:\Windows\SYSTEM32\iertutil.dll
0x00007ff914b10000 - 0x00007ff914b1c000 	C:\Windows\SYSTEM32\CRYPTBASE.DLL
0x00007ff914500000 - 0x00007ff914533000 	C:\Windows\system32\rsaenh.dll
0x00007ff914fe0000 - 0x00007ff915008000 	C:\Windows\SYSTEM32\USERENV.dll
0x00007ff90b6b0000 - 0x00007ff90b6c6000 	C:\Windows\SYSTEM32\dhcpcsvc6.DLL
0x00007ff90b640000 - 0x00007ff90b65c000 	C:\Windows\SYSTEM32\dhcpcsvc.DLL
0x00007ff8f8f70000 - 0x00007ff8f8f82000 	C:\Program Files\Java\jre1.8.0_211\bin\nio.dll
0x00007ff8d7b90000 - 0x00007ff8d7bb4000 	C:\Program Files\Java\jre1.8.0_211\bin\sunec.dll
0x00007ff907440000 - 0x00007ff90744b000 	C:\Program Files\Java\jre1.8.0_211\bin\sunmscapi.dll

VM Arguments:
jvm_args: -agentlib:jdwp=transport=dt_socket,suspend=y,address=localhost:55192 -ea -Dfile.encoding=Cp1252 
java_command: org.testng.remote.RemoteTestNG -serport 55191 -d C:\Users\trangvt3\Desktop\VCB_Automation\test-output C:\Users\trangvt3\Desktop\VCB_Automation\src\test\resources\runTestCaseTrang.xml
java_class_path (initial): C:\Program Files\Java\jre1.8.0_211\lib\resources.jar;C:\Program Files\Java\jre1.8.0_211\lib\rt.jar;C:\Program Files\Java\jre1.8.0_211\lib\jsse.jar;C:\Program Files\Java\jre1.8.0_211\lib\jce.jar;C:\Program Files\Java\jre1.8.0_211\lib\charsets.jar;C:\Program Files\Java\jre1.8.0_211\lib\jfr.jar;C:\Program Files\Java\jre1.8.0_211\lib\ext\access-bridge-64.jar;C:\Program Files\Java\jre1.8.0_211\lib\ext\cldrdata.jar;C:\Program Files\Java\jre1.8.0_211\lib\ext\dnsns.jar;C:\Program Files\Java\jre1.8.0_211\lib\ext\jaccess.jar;C:\Program Files\Java\jre1.8.0_211\lib\ext\jfxrt.jar;C:\Program Files\Java\jre1.8.0_211\lib\ext\localedata.jar;C:\Program Files\Java\jre1.8.0_211\lib\ext\nashorn.jar;C:\Program Files\Java\jre1.8.0_211\lib\ext\sunec.jar;C:\Program Files\Java\jre1.8.0_211\lib\ext\sunjce_provider.jar;C:\Program Files\Java\jre1.8.0_211\lib\ext\sunmscapi.jar;C:\Program Files\Java\jre1.8.0_211\lib\ext\sunpkcs11.jar;C:\Program Files\Java\jre1.8.0_211\lib\ext\zipfs.jar;C:\Users\trangvt3\Desktop\VCB_Automation\target\test-classes;C:\Users\trangvt3\Desktop\VCB_Automation\target\classes;C:\Users\trangvt3\.m2\repository\com\sun\mail\javax.mail\1.6.2\javax.mail-1.6.2.jar;C:\Users\trangvt3\.m2\repository\javax\activation\activation\1.1\activation-1.1.jar;C:\Users\trangvt3\.m2\repository\org\slf4j\slf4j-simple\1.7.28\slf4j-simple-1.7.28.jar;C:\Users\trangvt3\.m2\repository\org\testng\testng\6.9.10\testng-6.9.10.jar;C:\Users\trangvt3\.m2\repository\com\beust\jcommander\1.48\jcommander-1.48.jar;C:\Users\trangvt3\.m2\repository\org\beanshell\bsh\2.0b4\bsh-2.0b4.jar;C:\Users\trangvt3\.m2\repository\org\seleniumhq\selenium\selenium-java\3.141.59\selenium-java-3.141.59.jar;C:\Users\trangvt3\.m2\repository\org\seleniumhq\selenium\selenium-api\3.141.59\selenium-api-3.141.59.jar;C:\Users\trangvt3\.m2\repository\org\seleniumhq\selenium\selenium-chrome-driver\3.141.59\selenium-chrome-driver-3.141.59.jar;C:\Users\trangvt3\.m2\repository\org\seleniumhq\selenium\selenium-
Launcher Type: SUN_STANDARD

Environment Variables:
JAVA_HOME=C:\Program Files\Java\jdk1.8.0_211
PATH=C:/Program Files/Java/jre1.8.0_211/bin/server;C:/Program Files/Java/jre1.8.0_211/bin;C:/Program Files/Java/jre1.8.0_211/lib/amd64;C:\Program Files (x86)\Common Files\Oracle\Java\javapath;C:\Windows\system32;C:\Windows;C:\Windows\System32\Wbem;C:\Windows\System32\WindowsPowerShell\v1.0\;C:\Windows\System32\OpenSSH\;C:\Program Files\nodejs\;C:\Program Files\nodejs\node_modules\npm;C:\Program Files\Java\jdk1.8.0_211\bin;C:\Program Files\nodejs\node_modules\npm\bin;C:\Users\trangvt3\Desktop\apache-maven-3.6.2-bin\apache-maven-3.6.2\bin;C:\Users\trangvt3\Desktop\apache-maven-3.6.2-bin\apache-maven-3.6.2;C:\Users\trangvt3\Desktop\apache-maven-3.6.2-bin\apache-maven-3.6.2\bin;C:\Users\trangvt3\AppData\Local\Android\Sdk\tools\bin;C:\Program Files\TortoiseSVN\bin;C:\Users\trangvt3\AppData\Local\Android\Sdk\platform-tools;C:\Users\trangvt3\AppData\Local\Android\Sdk\tools;C:\Users\trangvt3\AppData\Local\Microsoft\WindowsApps;C:\Users\trangvt3\AppData\Roaming\npm;C:\Users\trangvt3\AppData\Local\Programs\Git\cmd;C:\Users\trangvt3\AppData\Local\GitHubDesktop\bin;C:\Users\trangvt3\Downloads\Software\eclipse-java-photon-R-x64\eclipse;
USERNAME=trangvt3
OS=Windows_NT
PROCESSOR_IDENTIFIER=Intel64 Family 6 Model 142 Stepping 12, GenuineIntel



---------------  S Y S T E M  ---------------

OS: Windows 10.0 , 64 bit Build 17763 (10.0.17763.1)

CPU:total 8 (initial active 8) (4 cores per cpu, 2 threads per core) family 6 model 142 stepping 12, cmov, cx8, fxsr, mmx, sse, sse2, sse3, ssse3, sse4.1, sse4.2, popcnt, avx, avx2, aes, clmul, erms, 3dnowpref, lzcnt, ht, tsc, tscinvbit, bmi1, bmi2, adx

Memory: 4k page, physical 8262124k(3980892k free), swap 11145708k(4408892k free)

vm_info: Java HotSpot(TM) 64-Bit Server VM (25.211-b12) for windows-amd64 JRE (1.8.0_211-b12), built on Apr  1 2019 20:53:26 by "java_re" with MS VC++ 10.0 (VS2010)

time: Sat Mar 28 14:02:27 2020
timezone: SE Asia Standard Time
elapsed time: 931 seconds (0d 0h 15m 31s)

