#
# A fatal error has been detected by the Java Runtime Environment:
#
#  Internal Error (javaCalls.cpp:51), pid=2372, tid=0x00000000000003c4
#  guarantee(thread->is_Java_thread()) failed: crucial check - the VM thread cannot and must not escape to Java code
#
# JRE version: Java(TM) SE Runtime Environment (8.0_211-b12) (build 1.8.0_211-b12)
# Java VM: Java HotSpot(TM) 64-Bit Server VM (25.211-b12 mixed mode windows-amd64 compressed oops)
# Failed to write core dump. Minidumps are not enabled by default on client versions of Windows
#
# If you would like to submit a bug report, please visit:
#   http://bugreport.java.com/bugreport/crash.jsp
#

---------------  T H R E A D  ---------------

Current thread (0x0000000017cc9000):  VMThread [stack: 0x00000000199b0000,0x0000000019ab0000] [id=964]

Stack: [0x00000000199b0000,0x0000000019ab0000]
[error occurred during error reporting (printing stack bounds), id 0xc0000005]

Native frames: (J=compiled Java code, j=interpreted, Vv=VM code, C=native code)

VM_Operation (0x000000001a7ef1a0): GetOrSetLocal, mode: safepoint, requested by thread 0x0000000019be9000


---------------  P R O C E S S  ---------------

Java Threads: ( => current thread )
  0x000000001bcdc000 JavaThread "Okio Watchdog" daemon [_thread_blocked, id=12032, stack(0x000000001e3c0000,0x000000001e4c0000)]
  0x000000001b2a9800 JavaThread "ReaderThread" [_thread_in_native, id=10416, stack(0x000000001b8f0000,0x000000001b9f0000)]
  0x0000000019cb0000 JavaThread "Service Thread" daemon [_thread_blocked, id=10352, stack(0x000000001adf0000,0x000000001aef0000)]
  0x0000000019c1a800 JavaThread "C1 CompilerThread3" daemon [_thread_blocked, id=2900, stack(0x000000001acf0000,0x000000001adf0000)]
  0x0000000019c1a000 JavaThread "C2 CompilerThread2" daemon [_thread_blocked, id=13048, stack(0x000000001abf0000,0x000000001acf0000)]
  0x0000000019c19000 JavaThread "C2 CompilerThread1" daemon [_thread_blocked, id=3544, stack(0x000000001aaf0000,0x000000001abf0000)]
  0x0000000019c15800 JavaThread "C2 CompilerThread0" daemon [_thread_blocked, id=1568, stack(0x000000001a9f0000,0x000000001aaf0000)]
  0x0000000019bf9000 JavaThread "JDWP Command Reader" daemon [_thread_in_native, id=1964, stack(0x000000001a8f0000,0x000000001a9f0000)]
  0x0000000019bf4000 JavaThread "JDWP Event Helper Thread" daemon [_thread_blocked, id=3800, stack(0x000000001a7f0000,0x000000001a8f0000)]
  0x0000000019be9000 JavaThread "JDWP Transport Listener: dt_socket" daemon [_thread_blocked, id=10948, stack(0x000000001a6f0000,0x000000001a7f0000)]
  0x0000000019bdc000 JavaThread "Attach Listener" daemon [_thread_blocked, id=2604, stack(0x000000001a2b0000,0x000000001a3b0000)]
  0x0000000019be4800 JavaThread "Signal Dispatcher" daemon [_thread_blocked, id=10652, stack(0x000000001a1b0000,0x000000001a2b0000)]
  0x0000000019bd0800 JavaThread "Finalizer" daemon [_thread_blocked, id=10144, stack(0x0000000019fb0000,0x000000001a0b0000)]
  0x0000000002d5c000 JavaThread "Reference Handler" daemon [_thread_blocked, id=9904, stack(0x0000000019ab0000,0x0000000019bb0000)]
  0x0000000002c66000 JavaThread "main" [_thread_blocked, id=1680, stack(0x0000000002a60000,0x0000000002b60000)]

Other Threads:
=>0x0000000017cc9000 VMThread [stack: 0x00000000199b0000,0x0000000019ab0000] [id=964]
  0x0000000019ce6800 WatcherThread [stack: 0x000000001aef0000,0x000000001aff0000] [id=5420]

VM state:at safepoint (normal execution)

VM Mutex/Monitor currently owned by a thread:  ([mutex/lock_event])
[0x0000000002c630d0] Threads_lock - owner thread: 0x0000000017cc9000

heap address: 0x0000000081e00000, size: 2018 MB, Compressed Oops mode: 32-bit
Narrow klass base: 0x0000000000000000, Narrow klass shift: 3
Compressed class space size: 1073741824 Address: 0x0000000100000000

Heap:
 PSYoungGen      total 38400K, used 29677K [0x00000000d5f80000, 0x00000000d8a00000, 0x0000000100000000)
  eden space 33280K, 89% used [0x00000000d5f80000,0x00000000d7c7b590,0x00000000d8000000)
  from space 5120K, 0% used [0x00000000d8500000,0x00000000d8500000,0x00000000d8a00000)
  to   space 5120K, 0% used [0x00000000d8000000,0x00000000d8000000,0x00000000d8500000)
 ParOldGen       total 46592K, used 7442K [0x0000000081e00000, 0x0000000084b80000, 0x00000000d5f80000)
  object space 46592K, 15% used [0x0000000081e00000,0x0000000082544b90,0x0000000084b80000)
 Metaspace       used 20593K, capacity 21505K, committed 21680K, reserved 1069056K
  class space    used 2478K, capacity 2703K, committed 2816K, reserved 1048576K

Card table byte_map: [0x0000000012120000,0x0000000012520000] byte_map_base: 0x0000000011d11000

Marking Bits: (ParMarkBitMap*) 0x000000005d2d5ce0
 Begin Bits: [0x0000000012fd0000, 0x0000000014f58000)
 End Bits:   [0x0000000014f58000, 0x0000000016ee0000)

Polling page: 0x0000000000cd0000

CodeCache: size=245760Kb used=7730Kb max_used=7742Kb free=238029Kb
 bounds [0x0000000002d60000, 0x0000000003500000, 0x0000000011d60000]
 total_blobs=2892 nmethods=2452 adapters=360
 compilation: enabled

Compilation events (10 events):
Event: 87.293 Thread 0x0000000019c1a800 2550       3       com.google.common.collect.AbstractMapBasedMultiset::entrySet (5 bytes)
Event: 87.294 Thread 0x0000000019c1a800 nmethod 2550 0x0000000003020450 code [0x00000000030205e0, 0x0000000003020b70]
Event: 87.294 Thread 0x0000000019c1a800 2551       3       com.google.common.collect.AbstractMultiset::entrySet (21 bytes)
Event: 87.294 Thread 0x0000000019c1a800 nmethod 2551 0x000000000301fa50 code [0x000000000301fbe0, 0x0000000003020110]
Event: 87.629 Thread 0x0000000019c1a800 2552       3       java.util.regex.Pattern::newSingle (98 bytes)
Event: 87.630 Thread 0x0000000019c1a800 nmethod 2552 0x00000000034f0c10 code [0x00000000034f0ee0, 0x00000000034f2318]
Event: 87.768 Thread 0x0000000019c1a800 2553       3       com.google.common.base.Preconditions::checkPositionIndex (25 bytes)
Event: 87.768 Thread 0x0000000019c1a800 nmethod 2553 0x000000000301f4d0 code [0x000000000301f660, 0x000000000301f918]
Event: 87.774 Thread 0x0000000019c19000 2554       4       okio.RealBufferedSink::writeUtf8 (31 bytes)
Event: 87.775 Thread 0x0000000019c19000 nmethod 2554 0x00000000034f4810 code [0x00000000034f4980, 0x00000000034f4cc8]

GC Heap History (10 events):
Event: 3.094 GC heap before
{Heap before GC invocations=1 (full 0):
 PSYoungGen      total 38400K, used 33280K [0x00000000d5f80000, 0x00000000d8a00000, 0x0000000100000000)
  eden space 33280K, 100% used [0x00000000d5f80000,0x00000000d8000000,0x00000000d8000000)
  from space 5120K, 0% used [0x00000000d8500000,0x00000000d8500000,0x00000000d8a00000)
  to   space 5120K, 0% used [0x00000000d8000000,0x00000000d8000000,0x00000000d8500000)
 ParOldGen       total 87552K, used 0K [0x0000000081e00000, 0x0000000087380000, 0x00000000d5f80000)
  object space 87552K, 0% used [0x0000000081e00000,0x0000000081e00000,0x0000000087380000)
 Metaspace       used 12170K, capacity 12368K, committed 12544K, reserved 1060864K
  class space    used 1391K, capacity 1472K, committed 1536K, reserved 1048576K
Event: 3.098 GC heap after
Heap after GC invocations=1 (full 0):
 PSYoungGen      total 38400K, used 5088K [0x00000000d5f80000, 0x00000000d8a00000, 0x0000000100000000)
  eden space 33280K, 0% used [0x00000000d5f80000,0x00000000d5f80000,0x00000000d8000000)
  from space 5120K, 99% used [0x00000000d8000000,0x00000000d84f83e0,0x00000000d8500000)
  to   space 5120K, 0% used [0x00000000d8500000,0x00000000d8500000,0x00000000d8a00000)
 ParOldGen       total 87552K, used 2662K [0x0000000081e00000, 0x0000000087380000, 0x00000000d5f80000)
  object space 87552K, 3% used [0x0000000081e00000,0x0000000082099a28,0x0000000087380000)
 Metaspace       used 12170K, capacity 12368K, committed 12544K, reserved 1060864K
  class space    used 1391K, capacity 1472K, committed 1536K, reserved 1048576K
}
Event: 6.333 GC heap before
{Heap before GC invocations=2 (full 0):
 PSYoungGen      total 38400K, used 38368K [0x00000000d5f80000, 0x00000000d8a00000, 0x0000000100000000)
  eden space 33280K, 100% used [0x00000000d5f80000,0x00000000d8000000,0x00000000d8000000)
  from space 5120K, 99% used [0x00000000d8000000,0x00000000d84f83e0,0x00000000d8500000)
  to   space 5120K, 0% used [0x00000000d8500000,0x00000000d8500000,0x00000000d8a00000)
 ParOldGen       total 87552K, used 2662K [0x0000000081e00000, 0x0000000087380000, 0x00000000d5f80000)
  object space 87552K, 3% used [0x0000000081e00000,0x0000000082099a28,0x0000000087380000)
 Metaspace       used 17914K, capacity 18672K, committed 18816K, reserved 1064960K
  class space    used 2170K, capacity 2342K, committed 2432K, reserved 1048576K
Event: 6.339 GC heap after
Heap after GC invocations=2 (full 0):
 PSYoungGen      total 38400K, used 5104K [0x00000000d5f80000, 0x00000000d8a00000, 0x0000000100000000)
  eden space 33280K, 0% used [0x00000000d5f80000,0x00000000d5f80000,0x00000000d8000000)
  from space 5120K, 99% used [0x00000000d8500000,0x00000000d89fc2e0,0x00000000d8a00000)
  to   space 5120K, 0% used [0x00000000d8000000,0x00000000d8000000,0x00000000d8500000)
 ParOldGen       total 87552K, used 7127K [0x0000000081e00000, 0x0000000087380000, 0x00000000d5f80000)
  object space 87552K, 8% used [0x0000000081e00000,0x00000000824f5e80,0x0000000087380000)
 Metaspace       used 17914K, capacity 18672K, committed 18816K, reserved 1064960K
  class space    used 2170K, capacity 2342K, committed 2432K, reserved 1048576K
}
Event: 43.713 GC heap before
{Heap before GC invocations=3 (full 0):
 PSYoungGen      total 38400K, used 38384K [0x00000000d5f80000, 0x00000000d8a00000, 0x0000000100000000)
  eden space 33280K, 100% used [0x00000000d5f80000,0x00000000d8000000,0x00000000d8000000)
  from space 5120K, 99% used [0x00000000d8500000,0x00000000d89fc2e0,0x00000000d8a00000)
  to   space 5120K, 0% used [0x00000000d8000000,0x00000000d8000000,0x00000000d8500000)
 ParOldGen       total 87552K, used 7127K [0x0000000081e00000, 0x0000000087380000, 0x00000000d5f80000)
  object space 87552K, 8% used [0x0000000081e00000,0x00000000824f5e80,0x0000000087380000)
 Metaspace       used 20170K, capacity 20992K, committed 21120K, reserved 1067008K
  class space    used 2442K, capacity 2650K, committed 2688K, reserved 1048576K
Event: 43.718 GC heap after
Heap after GC invocations=3 (full 0):
 PSYoungGen      total 38400K, used 5090K [0x00000000d5f80000, 0x00000000d8a00000, 0x0000000100000000)
  eden space 33280K, 0% used [0x00000000d5f80000,0x00000000d5f80000,0x00000000d8000000)
  from space 5120K, 99% used [0x00000000d8000000,0x00000000d84f8948,0x00000000d8500000)
  to   space 5120K, 0% used [0x00000000d8500000,0x00000000d8500000,0x00000000d8a00000)
 ParOldGen       total 87552K, used 8846K [0x0000000081e00000, 0x0000000087380000, 0x00000000d5f80000)
  object space 87552K, 10% used [0x0000000081e00000,0x00000000826a3a70,0x0000000087380000)
 Metaspace       used 20170K, capacity 20992K, committed 21120K, reserved 1067008K
  class space    used 2442K, capacity 2650K, committed 2688K, reserved 1048576K
}
Event: 59.235 GC heap before
{Heap before GC invocations=4 (full 0):
 PSYoungGen      total 38400K, used 22515K [0x00000000d5f80000, 0x00000000d8a00000, 0x0000000100000000)
  eden space 33280K, 52% used [0x00000000d5f80000,0x00000000d70844e0,0x00000000d8000000)
  from space 5120K, 99% used [0x00000000d8000000,0x00000000d84f8948,0x00000000d8500000)
  to   space 5120K, 0% used [0x00000000d8500000,0x00000000d8500000,0x00000000d8a00000)
 ParOldGen       total 87552K, used 8846K [0x0000000081e00000, 0x0000000087380000, 0x00000000d5f80000)
  object space 87552K, 10% used [0x0000000081e00000,0x00000000826a3a70,0x0000000087380000)
 Metaspace       used 20259K, capacity 21181K, committed 21296K, reserved 1069056K
  class space    used 2447K, capacity 2688K, committed 2688K, reserved 1048576K
Event: 59.238 GC heap after
Heap after GC invocations=4 (full 0):
 PSYoungGen      total 38400K, used 5090K [0x00000000d5f80000, 0x00000000d8a00000, 0x0000000100000000)
  eden space 33280K, 0% used [0x00000000d5f80000,0x00000000d5f80000,0x00000000d8000000)
  from space 5120K, 99% used [0x00000000d8500000,0x00000000d89f8938,0x00000000d8a00000)
  to   space 5120K, 0% used [0x00000000d8000000,0x00000000d8000000,0x00000000d8500000)
 ParOldGen       total 87552K, used 8878K [0x0000000081e00000, 0x0000000087380000, 0x00000000d5f80000)
  object space 87552K, 10% used [0x0000000081e00000,0x00000000826aba70,0x0000000087380000)
 Metaspace       used 20259K, capacity 21181K, committed 21296K, reserved 1069056K
  class space    used 2447K, capacity 2688K, committed 2688K, reserved 1048576K
}
Event: 59.238 GC heap before
{Heap before GC invocations=5 (full 1):
 PSYoungGen      total 38400K, used 5090K [0x00000000d5f80000, 0x00000000d8a00000, 0x0000000100000000)
  eden space 33280K, 0% used [0x00000000d5f80000,0x00000000d5f80000,0x00000000d8000000)
  from space 5120K, 99% used [0x00000000d8500000,0x00000000d89f8938,0x00000000d8a00000)
  to   space 5120K, 0% used [0x00000000d8000000,0x00000000d8000000,0x00000000d8500000)
 ParOldGen       total 87552K, used 8878K [0x0000000081e00000, 0x0000000087380000, 0x00000000d5f80000)
  object space 87552K, 10% used [0x0000000081e00000,0x00000000826aba70,0x0000000087380000)
 Metaspace       used 20259K, capacity 21181K, committed 21296K, reserved 1069056K
  class space    used 2447K, capacity 2688K, committed 2688K, reserved 1048576K
Event: 59.258 GC heap after
Heap after GC invocations=5 (full 1):
 PSYoungGen      total 38400K, used 0K [0x00000000d5f80000, 0x00000000d8a00000, 0x0000000100000000)
  eden space 33280K, 0% used [0x00000000d5f80000,0x00000000d5f80000,0x00000000d8000000)
  from space 5120K, 0% used [0x00000000d8500000,0x00000000d8500000,0x00000000d8a00000)
  to   space 5120K, 0% used [0x00000000d8000000,0x00000000d8000000,0x00000000d8500000)
 ParOldGen       total 46592K, used 7442K [0x0000000081e00000, 0x0000000084b80000, 0x00000000d5f80000)
  object space 46592K, 15% used [0x0000000081e00000,0x0000000082544b90,0x0000000084b80000)
 Metaspace       used 20248K, capacity 21149K, committed 21296K, reserved 1069056K
  class space    used 2443K, capacity 2682K, committed 2688K, reserved 1048576K
}

Deoptimization events (10 events):
Event: 19.154 Thread 0x0000000002c66000 Uncommon trap: reason=class_check action=maybe_recompile pc=0x00000000032b3d08 method=org.openqa.selenium.json.Input.init()V @ 18
Event: 19.154 Thread 0x0000000002c66000 Uncommon trap: reason=class_check action=maybe_recompile pc=0x00000000032b3d08 method=org.openqa.selenium.json.Input.init()V @ 18
Event: 19.155 Thread 0x0000000002c66000 Uncommon trap: reason=class_check action=maybe_recompile pc=0x00000000032b5a7c method=org.openqa.selenium.json.Input.init()V @ 18
Event: 19.759 Thread 0x0000000002c66000 Uncommon trap: reason=unstable_if action=reinterpret pc=0x00000000030c957c method=sun.nio.cs.UTF_8$Decoder.decode([BII[C)I @ 30
Event: 19.786 Thread 0x000000001b7b5800 Uncommon trap: reason=unstable_if action=reinterpret pc=0x00000000032fe3d0 method=org.openqa.selenium.io.CircularOutputStream.write(I)V @ 9
Event: 19.786 Thread 0x000000001b7b5800 Uncommon trap: reason=unstable_if action=reinterpret pc=0x00000000032f22c8 method=org.openqa.selenium.io.CircularOutputStream.write(I)V @ 26
Event: 21.046 Thread 0x0000000002c66000 Uncommon trap: reason=unstable_if action=reinterpret pc=0x0000000002ed2234 method=sun.nio.cs.UTF_8$Encoder.encode([CII[B)I @ 33
Event: 28.010 Thread 0x000000001b7b5800 Uncommon trap: reason=unstable_if action=reinterpret pc=0x00000000033790bc method=org.openqa.selenium.io.CircularOutputStream.write(I)V @ 52
Event: 57.290 Thread 0x0000000002c66000 Uncommon trap: reason=unstable_if action=reinterpret pc=0x0000000002fe5bdc method=java.util.ArrayList.rangeCheck(I)V @ 5
Event: 70.858 Thread 0x0000000002c66000 Uncommon trap: reason=unstable_if action=reinterpret pc=0x0000000002f43ecc method=sun.nio.cs.SingleByte$Encoder.encode(C)I @ 13

Classes redefined (3 events):
Event: 583.182 Thread 0x0000000017cc9000 redefined class name=vnpay.vietcombank.sdk.vehicleTickets.VehicalFlowTicket, count=1
Event: 809.406 Thread 0x0000000017cc9000 redefined class name=vnpay.vietcombank.sdk.vehicleTickets.VehicalFlowTicket, count=2
Event: 1217.686 Thread 0x0000000017cc9000 redefined class name=vnpay.vietcombank.sdk.vehicleTickets.VehicalFlowTicket, count=3

Internal exceptions (10 events):
Event: 84.231 Thread 0x0000000002c66000 Exception <a 'java/net/SocketTimeoutException': Read timed out> (0x00000000d78750f0) thrown at [C:\re\workspace\8-2-build-windows-amd64-cygwin\jdk8u211\12973\hotspot\src\share\vm\prims\jni.cpp, line 736]
Event: 84.262 Thread 0x0000000002c66000 Exception <a 'java/net/SocketTimeoutException': Read timed out> (0x00000000d7889f30) thrown at [C:\re\workspace\8-2-build-windows-amd64-cygwin\jdk8u211\12973\hotspot\src\share\vm\prims\jni.cpp, line 736]
Event: 85.035 Thread 0x0000000002c66000 Exception <a 'java/net/SocketTimeoutException': Read timed out> (0x00000000d78aafd8) thrown at [C:\re\workspace\8-2-build-windows-amd64-cygwin\jdk8u211\12973\hotspot\src\share\vm\prims\jni.cpp, line 736]
Event: 85.065 Thread 0x0000000002c66000 Exception <a 'java/net/SocketTimeoutException': Read timed out> (0x00000000d78c5738) thrown at [C:\re\workspace\8-2-build-windows-amd64-cygwin\jdk8u211\12973\hotspot\src\share\vm\prims\jni.cpp, line 736]
Event: 86.565 Thread 0x0000000002c66000 Exception <a 'java/net/SocketTimeoutException': Read timed out> (0x00000000d7917b98) thrown at [C:\re\workspace\8-2-build-windows-amd64-cygwin\jdk8u211\12973\hotspot\src\share\vm\prims\jni.cpp, line 736]
Event: 87.295 Thread 0x0000000002c66000 Exception <a 'java/net/SocketTimeoutException': Read timed out> (0x00000000d7a996a8) thrown at [C:\re\workspace\8-2-build-windows-amd64-cygwin\jdk8u211\12973\hotspot\src\share\vm\prims\jni.cpp, line 736]
Event: 87.474 Thread 0x0000000002c66000 Exception <a 'java/net/SocketTimeoutException': Read timed out> (0x00000000d7ac5da0) thrown at [C:\re\workspace\8-2-build-windows-amd64-cygwin\jdk8u211\12973\hotspot\src\share\vm\prims\jni.cpp, line 736]
Event: 87.496 Thread 0x0000000002c66000 Exception <a 'java/net/SocketTimeoutException': Read timed out> (0x00000000d7af2b60) thrown at [C:\re\workspace\8-2-build-windows-amd64-cygwin\jdk8u211\12973\hotspot\src\share\vm\prims\jni.cpp, line 736]
Event: 87.646 Thread 0x0000000002c66000 Exception <a 'java/net/SocketTimeoutException': Read timed out> (0x00000000d7b1e738) thrown at [C:\re\workspace\8-2-build-windows-amd64-cygwin\jdk8u211\12973\hotspot\src\share\vm\prims\jni.cpp, line 736]
Event: 87.774 Thread 0x0000000002c66000 Exception <a 'java/net/SocketTimeoutException': Read timed out> (0x00000000d7b3f7e0) thrown at [C:\re\workspace\8-2-build-windows-amd64-cygwin\jdk8u211\12973\hotspot\src\share\vm\prims\jni.cpp, line 736]

Events (10 events):
Event: 1217.749 Executing VM operation: ChangeBreakpoints done
Event: 1217.754 Executing VM operation: ChangeBreakpoints
Event: 1217.755 Executing VM operation: ChangeBreakpoints done
Event: 1217.760 Executing VM operation: ChangeBreakpoints
Event: 1217.761 Executing VM operation: ChangeBreakpoints done
Event: 1217.963 Executing VM operation: GetOwnedMonitorInfo
Event: 1217.963 Executing VM operation: GetOwnedMonitorInfo done
Event: 1217.964 Executing VM operation: GetCurrentContendedMonitor
Event: 1217.964 Executing VM operation: GetCurrentContendedMonitor done
Event: 1217.967 Executing VM operation: GetOrSetLocal


Dynamic libraries:
0x00007ff6db9d0000 - 0x00007ff6dba07000 	C:\Program Files\Java\jre1.8.0_211\bin\javaw.exe
0x00007ff9190b0000 - 0x00007ff91929d000 	C:\Windows\SYSTEM32\ntdll.dll
0x00007ff916b20000 - 0x00007ff916bd3000 	C:\Windows\System32\KERNEL32.DLL
0x00007ff915dd0000 - 0x00007ff916063000 	C:\Windows\System32\KERNELBASE.dll
0x00007ff917190000 - 0x00007ff917233000 	C:\Windows\System32\ADVAPI32.dll
0x00007ff916be0000 - 0x00007ff916c7e000 	C:\Windows\System32\msvcrt.dll
0x00007ff916fc0000 - 0x00007ff91705e000 	C:\Windows\System32\sechost.dll
0x00007ff9169f0000 - 0x00007ff916b13000 	C:\Windows\System32\RPCRT4.dll
0x00007ff9162e0000 - 0x00007ff916477000 	C:\Windows\System32\USER32.dll
0x00007ff916070000 - 0x00007ff916090000 	C:\Windows\System32\win32u.dll
0x00007ff918d90000 - 0x00007ff918db9000 	C:\Windows\System32\GDI32.dll
0x00007ff916090000 - 0x00007ff91622a000 	C:\Windows\System32\gdi32full.dll
0x00007ff915360000 - 0x00007ff915400000 	C:\Windows\System32\msvcp_win.dll
0x00007ff915180000 - 0x00007ff91527c000 	C:\Windows\System32\ucrtbase.dll
0x00007ff8f9e60000 - 0x00007ff8fa0d9000 	C:\Windows\WinSxS\amd64_microsoft.windows.common-controls_6595b64144ccf1df_6.0.17763.1_none_f040600eff408c2d\COMCTL32.dll
0x00007ff916480000 - 0x00007ff9167ae000 	C:\Windows\System32\combase.dll
0x00007ff915400000 - 0x00007ff91547e000 	C:\Windows\System32\bcryptPrimitives.dll
0x00007ff917320000 - 0x00007ff91734e000 	C:\Windows\System32\IMM32.DLL
0x00007ff8ec950000 - 0x00007ff8eca02000 	C:\Program Files\McAfee\Endpoint Security\Threat Prevention\Ips\EpMPApi.dll
0x00007ff915280000 - 0x00007ff9152d8000 	C:\Windows\System32\WINTRUST.dll
0x00007ff915160000 - 0x00007ff915172000 	C:\Windows\System32\MSASN1.dll
0x00007ff915bf0000 - 0x00007ff915dcb000 	C:\Windows\System32\CRYPT32.dll
0x000000005d520000 - 0x000000005d52c000 	C:\Program Files\McAfee\Endpoint Security\Threat Prevention\Ips\EpMPThe.dll
0x000000005c040000 - 0x000000005c112000 	C:\Program Files\Java\jre1.8.0_211\bin\msvcr100.dll
0x000000005cab0000 - 0x000000005d355000 	C:\Program Files\Java\jre1.8.0_211\bin\server\jvm.dll
0x00007ff916cf0000 - 0x00007ff916cf8000 	C:\Windows\System32\PSAPI.DLL
0x00007ff913db0000 - 0x00007ff913db9000 	C:\Windows\SYSTEM32\WSOCK32.dll
0x00007ff907410000 - 0x00007ff907434000 	C:\Windows\SYSTEM32\WINMM.dll
0x00007ff916de0000 - 0x00007ff916e4d000 	C:\Windows\System32\WS2_32.dll
0x00007ff913ca0000 - 0x00007ff913caa000 	C:\Windows\SYSTEM32\VERSION.dll
0x00007ff9073e0000 - 0x00007ff90740d000 	C:\Windows\SYSTEM32\WINMMBASE.dll
0x00007ff9152e0000 - 0x00007ff91532a000 	C:\Windows\System32\cfgmgr32.dll
0x00007ff913c00000 - 0x00007ff913c0f000 	C:\Program Files\Java\jre1.8.0_211\bin\verify.dll
0x00007ff8ff2a0000 - 0x00007ff8ff2c9000 	C:\Program Files\Java\jre1.8.0_211\bin\java.dll
0x00007ff905b90000 - 0x00007ff905bc5000 	C:\Program Files\Java\jre1.8.0_211\bin\jdwp.dll
0x00007ff90b6e0000 - 0x00007ff90b6e8000 	C:\Program Files\Java\jre1.8.0_211\bin\npt.dll
0x00007ff905320000 - 0x00007ff905336000 	C:\Program Files\Java\jre1.8.0_211\bin\zip.dll
0x00007ff917880000 - 0x00007ff918d6f000 	C:\Windows\System32\SHELL32.dll
0x00007ff918dc0000 - 0x00007ff918e68000 	C:\Windows\System32\shcore.dll
0x00007ff915480000 - 0x00007ff915bc8000 	C:\Windows\System32\windows.storage.dll
0x00007ff915130000 - 0x00007ff915154000 	C:\Windows\System32\profapi.dll
0x00007ff9150d0000 - 0x00007ff91512d000 	C:\Windows\System32\powrprof.dll
0x00007ff916910000 - 0x00007ff916962000 	C:\Windows\System32\shlwapi.dll
0x00007ff9150b0000 - 0x00007ff9150c1000 	C:\Windows\System32\kernel.appcore.dll
0x00007ff915bd0000 - 0x00007ff915be7000 	C:\Windows\System32\cryptsp.dll
0x00007ff90b6d0000 - 0x00007ff90b6d9000 	C:\Program Files\Java\jre1.8.0_211\bin\dt_socket.dll
0x00007ff8f72a0000 - 0x00007ff8f72b6000 	C:\Windows\system32\napinsp.dll
0x00007ff8f7280000 - 0x00007ff8f729a000 	C:\Windows\system32\pnrpnsp.dll
0x00007ff914940000 - 0x00007ff9149a7000 	C:\Windows\System32\mswsock.dll
0x00007ff9146e0000 - 0x00007ff9147a6000 	C:\Windows\SYSTEM32\DNSAPI.dll
0x00007ff916ce0000 - 0x00007ff916ce8000 	C:\Windows\System32\NSI.dll
0x00007ff9146a0000 - 0x00007ff9146dd000 	C:\Windows\SYSTEM32\IPHLPAPI.DLL
0x00007ff8f76c0000 - 0x00007ff8f76ce000 	C:\Windows\System32\winrnr.dll
0x00007ff90df10000 - 0x00007ff90df2b000 	C:\Windows\system32\NLAapi.dll
0x00007ff90a710000 - 0x00007ff90a725000 	C:\Windows\system32\wshbth.dll
0x00007ff90bcf0000 - 0x00007ff90bd69000 	C:\Windows\System32\fwpuclnt.dll
0x00007ff915330000 - 0x00007ff915356000 	C:\Windows\System32\bcrypt.dll
0x00007ff9096c0000 - 0x00007ff9096ca000 	C:\Windows\System32\rasadhlp.dll
0x00007ff900040000 - 0x00007ff90005a000 	C:\Program Files\Java\jre1.8.0_211\bin\net.dll
0x00007ff908ce0000 - 0x00007ff908eb7000 	C:\Windows\SYSTEM32\urlmon.dll
0x00007ff908650000 - 0x00007ff9088f8000 	C:\Windows\SYSTEM32\iertutil.dll
0x00007ff914b10000 - 0x00007ff914b1c000 	C:\Windows\SYSTEM32\CRYPTBASE.DLL
0x00007ff914500000 - 0x00007ff914533000 	C:\Windows\system32\rsaenh.dll
0x00007ff914fe0000 - 0x00007ff915008000 	C:\Windows\SYSTEM32\USERENV.dll
0x00007ff90b6b0000 - 0x00007ff90b6c6000 	C:\Windows\SYSTEM32\dhcpcsvc6.DLL
0x00007ff90b640000 - 0x00007ff90b65c000 	C:\Windows\SYSTEM32\dhcpcsvc.DLL
0x00007ff8ff280000 - 0x00007ff8ff292000 	C:\Program Files\Java\jre1.8.0_211\bin\nio.dll
0x00007ff8f0360000 - 0x00007ff8f0384000 	C:\Program Files\Java\jre1.8.0_211\bin\sunec.dll
0x00007ff906b70000 - 0x00007ff906b7b000 	C:\Program Files\Java\jre1.8.0_211\bin\sunmscapi.dll

VM Arguments:
jvm_args: -agentlib:jdwp=transport=dt_socket,suspend=y,address=localhost:57378 -ea -Dfile.encoding=Cp1252 
java_command: org.testng.remote.RemoteTestNG -serport 57377 -d C:\Users\trangvt3\Desktop\VCB_Automation\test-output C:\Users\trangvt3\Desktop\VCB_Automation\src\test\resources\RunVericalFlow.xml
java_class_path (initial): C:\Program Files\Java\jre1.8.0_211\lib\resources.jar;C:\Program Files\Java\jre1.8.0_211\lib\rt.jar;C:\Program Files\Java\jre1.8.0_211\lib\jsse.jar;C:\Program Files\Java\jre1.8.0_211\lib\jce.jar;C:\Program Files\Java\jre1.8.0_211\lib\charsets.jar;C:\Program Files\Java\jre1.8.0_211\lib\jfr.jar;C:\Program Files\Java\jre1.8.0_211\lib\ext\access-bridge-64.jar;C:\Program Files\Java\jre1.8.0_211\lib\ext\cldrdata.jar;C:\Program Files\Java\jre1.8.0_211\lib\ext\dnsns.jar;C:\Program Files\Java\jre1.8.0_211\lib\ext\jaccess.jar;C:\Program Files\Java\jre1.8.0_211\lib\ext\jfxrt.jar;C:\Program Files\Java\jre1.8.0_211\lib\ext\localedata.jar;C:\Program Files\Java\jre1.8.0_211\lib\ext\nashorn.jar;C:\Program Files\Java\jre1.8.0_211\lib\ext\sunec.jar;C:\Program Files\Java\jre1.8.0_211\lib\ext\sunjce_provider.jar;C:\Program Files\Java\jre1.8.0_211\lib\ext\sunmscapi.jar;C:\Program Files\Java\jre1.8.0_211\lib\ext\sunpkcs11.jar;C:\Program Files\Java\jre1.8.0_211\lib\ext\zipfs.jar;C:\Users\trangvt3\Desktop\VCB_Automation\target\test-classes;C:\Users\trangvt3\Desktop\VCB_Automation\target\classes;C:\Users\trangvt3\.m2\repository\com\sun\mail\javax.mail\1.6.2\javax.mail-1.6.2.jar;C:\Users\trangvt3\.m2\repository\javax\activation\activation\1.1\activation-1.1.jar;C:\Users\trangvt3\.m2\repository\org\slf4j\slf4j-simple\1.7.28\slf4j-simple-1.7.28.jar;C:\Users\trangvt3\.m2\repository\org\testng\testng\6.9.10\testng-6.9.10.jar;C:\Users\trangvt3\.m2\repository\com\beust\jcommander\1.48\jcommander-1.48.jar;C:\Users\trangvt3\.m2\repository\org\beanshell\bsh\2.0b4\bsh-2.0b4.jar;C:\Users\trangvt3\.m2\repository\org\seleniumhq\selenium\selenium-java\3.141.59\selenium-java-3.141.59.jar;C:\Users\trangvt3\.m2\repository\org\seleniumhq\selenium\selenium-api\3.141.59\selenium-api-3.141.59.jar;C:\Users\trangvt3\.m2\repository\org\seleniumhq\selenium\selenium-chrome-driver\3.141.59\selenium-chrome-driver-3.141.59.jar;C:\Users\trangvt3\.m2\repository\org\seleniumhq\selenium\selenium-
Launcher Type: SUN_STANDARD

Environment Variables:
JAVA_HOME=C:\Program Files\Java\jdk1.8.0_211
PATH=C:/Program Files/Java/jre1.8.0_211/bin/server;C:/Program Files/Java/jre1.8.0_211/bin;C:/Program Files/Java/jre1.8.0_211/lib/amd64;C:\Program Files (x86)\Common Files\Oracle\Java\javapath;C:\Windows\system32;C:\Windows;C:\Windows\System32\Wbem;C:\Windows\System32\WindowsPowerShell\v1.0\;C:\Windows\System32\OpenSSH\;C:\Program Files\nodejs\;C:\Program Files\nodejs\node_modules\npm;C:\Program Files\Java\jdk1.8.0_211\bin;C:\Program Files\nodejs\node_modules\npm\bin;C:\Users\trangvt3\Desktop\apache-maven-3.6.2-bin\apache-maven-3.6.2\bin;C:\Users\trangvt3\Desktop\apache-maven-3.6.2-bin\apache-maven-3.6.2;C:\Users\trangvt3\Desktop\apache-maven-3.6.2-bin\apache-maven-3.6.2\bin;C:\Users\trangvt3\AppData\Local\Android\Sdk\tools\bin;C:\Program Files\TortoiseSVN\bin;C:\Users\trangvt3\AppData\Local\Android\Sdk\platform-tools;C:\Users\trangvt3\AppData\Local\Android\Sdk\tools;C:\Users\trangvt3\AppData\Local\Microsoft\WindowsApps;C:\Users\trangvt3\AppData\Roaming\npm;C:\Users\trangvt3\AppData\Local\Programs\Git\cmd;C:\Users\trangvt3\AppData\Local\GitHubDesktop\bin;C:\Users\trangvt3\Downloads\Software\eclipse-java-photon-R-x64\eclipse;
USERNAME=trangvt3
OS=Windows_NT
PROCESSOR_IDENTIFIER=Intel64 Family 6 Model 142 Stepping 12, GenuineIntel



---------------  S Y S T E M  ---------------

OS: Windows 10.0 , 64 bit Build 17763 (10.0.17763.1)

CPU:total 8 (initial active 8) (4 cores per cpu, 2 threads per core) family 6 model 142 stepping 12, cmov, cx8, fxsr, mmx, sse, sse2, sse3, ssse3, sse4.1, sse4.2, popcnt, avx, avx2, aes, clmul, erms, 3dnowpref, lzcnt, ht, tsc, tscinvbit, bmi1, bmi2, adx

Memory: 4k page, physical 8262124k(4200392k free), swap 11145708k(5762672k free)

vm_info: Java HotSpot(TM) 64-Bit Server VM (25.211-b12) for windows-amd64 JRE (1.8.0_211-b12), built on Apr  1 2019 20:53:26 by "java_re" with MS VC++ 10.0 (VS2010)

time: Mon Mar 30 17:22:08 2020
timezone: SE Asia Standard Time
elapsed time: 1217 seconds (0d 0h 20m 17s)

