#
# A fatal error has been detected by the Java Runtime Environment:
#
#  Internal Error (javaCalls.cpp:51), pid=17320, tid=0x0000000000001760
#  guarantee(thread->is_Java_thread()) failed: crucial check - the VM thread cannot and must not escape to Java code
#
# JRE version: Java(TM) SE Runtime Environment (8.0_211-b12) (build 1.8.0_211-b12)
# Java VM: Java HotSpot(TM) 64-Bit Server VM (25.211-b12 mixed mode windows-amd64 compressed oops)
# Failed to write core dump. Minidumps are not enabled by default on client versions of Windows
#
# If you would like to submit a bug report, please visit:
#   http://bugreport.java.com/bugreport/crash.jsp
#

---------------  T H R E A D  ---------------

Current thread (0x0000000017eea000):  VMThread [stack: 0x0000000019be0000,0x0000000019ce0000] [id=5984]

Stack: [0x0000000019be0000,0x0000000019ce0000]
[error occurred during error reporting (printing stack bounds), id 0xc0000005]

Native frames: (J=compiled Java code, j=interpreted, Vv=VM code, C=native code)

VM_Operation (0x000000001aa1f6f0): GetOrSetLocal, mode: safepoint, requested by thread 0x0000000019e1b000


---------------  P R O C E S S  ---------------

Java Threads: ( => current thread )
  0x000000001c006800 JavaThread "Java2D Disposer" daemon [_thread_blocked, id=6348, stack(0x000000001e9f0000,0x000000001eaf0000)]
  0x000000001b5d4800 JavaThread "ReaderThread" [_thread_in_native, id=15536, stack(0x000000001bb20000,0x000000001bc20000)]
  0x0000000019ee5800 JavaThread "Service Thread" daemon [_thread_blocked, id=14960, stack(0x000000001b020000,0x000000001b120000)]
  0x0000000019e4d800 JavaThread "C1 CompilerThread3" daemon [_thread_blocked, id=10272, stack(0x000000001af20000,0x000000001b020000)]
  0x0000000019e4b800 JavaThread "C2 CompilerThread2" daemon [_thread_blocked, id=14660, stack(0x000000001ae20000,0x000000001af20000)]
  0x0000000019e40800 JavaThread "C2 CompilerThread1" daemon [_thread_blocked, id=3116, stack(0x000000001ad20000,0x000000001ae20000)]
  0x0000000019e48800 JavaThread "C2 CompilerThread0" daemon [_thread_blocked, id=5300, stack(0x000000001ac20000,0x000000001ad20000)]
  0x0000000019e2b800 JavaThread "JDWP Command Reader" daemon [_thread_in_native, id=15988, stack(0x000000001ab20000,0x000000001ac20000)]
  0x0000000019e28800 JavaThread "JDWP Event Helper Thread" daemon [_thread_blocked, id=17192, stack(0x000000001aa20000,0x000000001ab20000)]
  0x0000000019e1b000 JavaThread "JDWP Transport Listener: dt_socket" daemon [_thread_blocked, id=6320, stack(0x000000001a920000,0x000000001aa20000)]
  0x0000000019e0c000 JavaThread "Attach Listener" daemon [_thread_blocked, id=16592, stack(0x000000001a4e0000,0x000000001a5e0000)]
  0x0000000019e0b000 JavaThread "Signal Dispatcher" daemon [_thread_blocked, id=14996, stack(0x000000001a3e0000,0x000000001a4e0000)]
  0x0000000002f7d800 JavaThread "Finalizer" daemon [_thread_blocked, id=6280, stack(0x000000001a1e0000,0x000000001a2e0000)]
  0x0000000002f7c000 JavaThread "Reference Handler" daemon [_thread_blocked, id=12560, stack(0x0000000019ce0000,0x0000000019de0000)]
  0x0000000002e86000 JavaThread "main" [_thread_blocked, id=7620, stack(0x0000000002ce0000,0x0000000002de0000)]

Other Threads:
=>0x0000000017eea000 VMThread [stack: 0x0000000019be0000,0x0000000019ce0000] [id=5984]
  0x0000000019ef2800 WatcherThread [stack: 0x000000001b120000,0x000000001b220000] [id=11728]

VM state:at safepoint (normal execution)

VM Mutex/Monitor currently owned by a thread:  ([mutex/lock_event])
[0x0000000002e83980] Threads_lock - owner thread: 0x0000000017eea000

heap address: 0x0000000081e00000, size: 2018 MB, Compressed Oops mode: 32-bit
Narrow klass base: 0x0000000000000000, Narrow klass shift: 3
Compressed class space size: 1073741824 Address: 0x0000000100000000

Heap:
 PSYoungGen      total 44544K, used 2708K [0x00000000d5f80000, 0x00000000d9800000, 0x0000000100000000)
  eden space 32256K, 7% used [0x00000000d5f80000,0x00000000d61b7960,0x00000000d7f00000)
  from space 12288K, 3% used [0x00000000d8b80000,0x00000000d8bed9d8,0x00000000d9780000)
  to   space 12800K, 0% used [0x00000000d7f00000,0x00000000d7f00000,0x00000000d8b80000)
 ParOldGen       total 46592K, used 7489K [0x0000000081e00000, 0x0000000084b80000, 0x00000000d5f80000)
  object space 46592K, 16% used [0x0000000081e00000,0x0000000082550548,0x0000000084b80000)
 Metaspace       used 21642K, capacity 22515K, committed 22704K, reserved 1069056K
  class space    used 2587K, capacity 2802K, committed 2816K, reserved 1048576K

Card table byte_map: [0x0000000012340000,0x0000000012740000] byte_map_base: 0x0000000011f31000

Marking Bits: (ParMarkBitMap*) 0x0000000077405ce0
 Begin Bits: [0x00000000131f0000, 0x0000000015178000)
 End Bits:   [0x0000000015178000, 0x0000000017100000)

Polling page: 0x0000000000fc0000

CodeCache: size=245760Kb used=7884Kb max_used=7907Kb free=237876Kb
 bounds [0x0000000002f80000, 0x0000000003740000, 0x0000000011f80000]
 total_blobs=2964 nmethods=2498 adapters=386
 compilation: enabled

Compilation events (10 events):
Event: 116.613 Thread 0x0000000019e4d800 2733       3       com.sun.imageio.plugins.png.PNGImageReader::decodeUpFilter (53 bytes)
Event: 116.613 Thread 0x0000000019e4d800 nmethod 2733 0x000000000311b490 code [0x000000000311b600, 0x000000000311b850]
Event: 116.613 Thread 0x0000000019e4d800 2734       1       java.awt.image.Raster::getWidth (5 bytes)
Event: 116.613 Thread 0x0000000019e4d800 nmethod 2734 0x000000000311b1d0 code [0x000000000311b320, 0x000000000311b430]
Event: 116.613 Thread 0x0000000019e4d800 2735       1       java.awt.image.Raster::getHeight (5 bytes)
Event: 116.613 Thread 0x0000000019e4d800 nmethod 2735 0x00000000030feb50 code [0x00000000030feca0, 0x00000000030fedb0]
Event: 116.613 Thread 0x0000000019e4d800 2737  s    1       javax.imageio.ImageReader::abortRequested (5 bytes)
Event: 116.613 Thread 0x0000000019e4d800 nmethod 2737 0x00000000030fe710 code [0x00000000030fe860, 0x00000000030fead0]
Event: 116.613 Thread 0x0000000019e4d800 2736       1       sun.awt.image.ByteInterleavedRaster::getDataStorage (5 bytes)
Event: 116.613 Thread 0x0000000019e4d800 nmethod 2736 0x00000000030fe450 code [0x00000000030fe5a0, 0x00000000030fe6b0]

GC Heap History (10 events):
Event: 42.040 GC heap before
{Heap before GC invocations=3 (full 0):
 PSYoungGen      total 38400K, used 38384K [0x00000000d5f80000, 0x00000000d8a00000, 0x0000000100000000)
  eden space 33280K, 100% used [0x00000000d5f80000,0x00000000d8000000,0x00000000d8000000)
  from space 5120K, 99% used [0x00000000d8500000,0x00000000d89fc2a0,0x00000000d8a00000)
  to   space 5120K, 0% used [0x00000000d8000000,0x00000000d8000000,0x00000000d8500000)
 ParOldGen       total 87552K, used 7260K [0x0000000081e00000, 0x0000000087380000, 0x00000000d5f80000)
  object space 87552K, 8% used [0x0000000081e00000,0x0000000082517270,0x0000000087380000)
 Metaspace       used 20168K, capacity 21036K, committed 21120K, reserved 1067008K
  class space    used 2444K, capacity 2684K, committed 2688K, reserved 1048576K
Event: 42.044 GC heap after
Heap after GC invocations=3 (full 0):
 PSYoungGen      total 38400K, used 5090K [0x00000000d5f80000, 0x00000000d8a00000, 0x0000000100000000)
  eden space 33280K, 0% used [0x00000000d5f80000,0x00000000d5f80000,0x00000000d8000000)
  from space 5120K, 99% used [0x00000000d8000000,0x00000000d84f8928,0x00000000d8500000)
  to   space 5120K, 0% used [0x00000000d8500000,0x00000000d8500000,0x00000000d8a00000)
 ParOldGen       total 87552K, used 9021K [0x0000000081e00000, 0x0000000087380000, 0x00000000d5f80000)
  object space 87552K, 10% used [0x0000000081e00000,0x00000000826cf430,0x0000000087380000)
 Metaspace       used 20168K, capacity 21036K, committed 21120K, reserved 1067008K
  class space    used 2444K, capacity 2684K, committed 2688K, reserved 1048576K
}
Event: 68.983 GC heap before
{Heap before GC invocations=4 (full 0):
 PSYoungGen      total 38400K, used 28264K [0x00000000d5f80000, 0x00000000d8a00000, 0x0000000100000000)
  eden space 33280K, 69% used [0x00000000d5f80000,0x00000000d7621790,0x00000000d8000000)
  from space 5120K, 99% used [0x00000000d8000000,0x00000000d84f8928,0x00000000d8500000)
  to   space 5120K, 0% used [0x00000000d8500000,0x00000000d8500000,0x00000000d8a00000)
 ParOldGen       total 87552K, used 9021K [0x0000000081e00000, 0x0000000087380000, 0x00000000d5f80000)
  object space 87552K, 10% used [0x0000000081e00000,0x00000000826cf430,0x0000000087380000)
 Metaspace       used 20280K, capacity 21193K, committed 21296K, reserved 1069056K
  class space    used 2448K, capacity 2688K, committed 2688K, reserved 1048576K
Event: 68.986 GC heap after
Heap after GC invocations=4 (full 0):
 PSYoungGen      total 38400K, used 5106K [0x00000000d5f80000, 0x00000000d8a00000, 0x0000000100000000)
  eden space 33280K, 0% used [0x00000000d5f80000,0x00000000d5f80000,0x00000000d8000000)
  from space 5120K, 99% used [0x00000000d8500000,0x00000000d89fc918,0x00000000d8a00000)
  to   space 5120K, 0% used [0x00000000d8000000,0x00000000d8000000,0x00000000d8500000)
 ParOldGen       total 87552K, used 9029K [0x0000000081e00000, 0x0000000087380000, 0x00000000d5f80000)
  object space 87552K, 10% used [0x0000000081e00000,0x00000000826d1430,0x0000000087380000)
 Metaspace       used 20280K, capacity 21193K, committed 21296K, reserved 1069056K
  class space    used 2448K, capacity 2688K, committed 2688K, reserved 1048576K
}
Event: 68.986 GC heap before
{Heap before GC invocations=5 (full 1):
 PSYoungGen      total 38400K, used 5106K [0x00000000d5f80000, 0x00000000d8a00000, 0x0000000100000000)
  eden space 33280K, 0% used [0x00000000d5f80000,0x00000000d5f80000,0x00000000d8000000)
  from space 5120K, 99% used [0x00000000d8500000,0x00000000d89fc918,0x00000000d8a00000)
  to   space 5120K, 0% used [0x00000000d8000000,0x00000000d8000000,0x00000000d8500000)
 ParOldGen       total 87552K, used 9029K [0x0000000081e00000, 0x0000000087380000, 0x00000000d5f80000)
  object space 87552K, 10% used [0x0000000081e00000,0x00000000826d1430,0x0000000087380000)
 Metaspace       used 20280K, capacity 21193K, committed 21296K, reserved 1069056K
  class space    used 2448K, capacity 2688K, committed 2688K, reserved 1048576K
Event: 69.006 GC heap after
Heap after GC invocations=5 (full 1):
 PSYoungGen      total 38400K, used 0K [0x00000000d5f80000, 0x00000000d8a00000, 0x0000000100000000)
  eden space 33280K, 0% used [0x00000000d5f80000,0x00000000d5f80000,0x00000000d8000000)
  from space 5120K, 0% used [0x00000000d8500000,0x00000000d8500000,0x00000000d8a00000)
  to   space 5120K, 0% used [0x00000000d8000000,0x00000000d8000000,0x00000000d8500000)
 ParOldGen       total 46592K, used 7473K [0x0000000081e00000, 0x0000000084b80000, 0x00000000d5f80000)
  object space 46592K, 16% used [0x0000000081e00000,0x000000008254c548,0x0000000084b80000)
 Metaspace       used 20267K, capacity 21155K, committed 21296K, reserved 1069056K
  class space    used 2443K, capacity 2681K, committed 2688K, reserved 1048576K
}
Event: 84.317 GC heap before
{Heap before GC invocations=6 (full 1):
 PSYoungGen      total 38400K, used 33280K [0x00000000d5f80000, 0x00000000d8a00000, 0x0000000100000000)
  eden space 33280K, 100% used [0x00000000d5f80000,0x00000000d8000000,0x00000000d8000000)
  from space 5120K, 0% used [0x00000000d8500000,0x00000000d8500000,0x00000000d8a00000)
  to   space 5120K, 0% used [0x00000000d8000000,0x00000000d8000000,0x00000000d8500000)
 ParOldGen       total 46592K, used 7473K [0x0000000081e00000, 0x0000000084b80000, 0x00000000d5f80000)
  object space 46592K, 16% used [0x0000000081e00000,0x000000008254c548,0x0000000084b80000)
 Metaspace       used 20375K, capacity 21219K, committed 21424K, reserved 1069056K
  class space    used 2471K, capacity 2700K, committed 2816K, reserved 1048576K
Event: 84.319 GC heap after
Heap after GC invocations=6 (full 1):
 PSYoungGen      total 37888K, used 288K [0x00000000d5f80000, 0x00000000d9780000, 0x0000000100000000)
  eden space 32768K, 0% used [0x00000000d5f80000,0x00000000d5f80000,0x00000000d7f80000)
  from space 5120K, 5% used [0x00000000d8000000,0x00000000d8048000,0x00000000d8500000)
  to   space 12288K, 0% used [0x00000000d8b80000,0x00000000d8b80000,0x00000000d9780000)
 ParOldGen       total 46592K, used 7481K [0x0000000081e00000, 0x0000000084b80000, 0x00000000d5f80000)
  object space 46592K, 16% used [0x0000000081e00000,0x000000008254e548,0x0000000084b80000)
 Metaspace       used 20375K, capacity 21219K, committed 21424K, reserved 1069056K
  class space    used 2471K, capacity 2700K, committed 2816K, reserved 1048576K
}
Event: 116.579 GC heap before
{Heap before GC invocations=7 (full 1):
 PSYoungGen      total 37888K, used 33056K [0x00000000d5f80000, 0x00000000d9780000, 0x0000000100000000)
  eden space 32768K, 100% used [0x00000000d5f80000,0x00000000d7f80000,0x00000000d7f80000)
  from space 5120K, 5% used [0x00000000d8000000,0x00000000d8048000,0x00000000d8500000)
  to   space 12288K, 0% used [0x00000000d8b80000,0x00000000d8b80000,0x00000000d9780000)
 ParOldGen       total 46592K, used 7481K [0x0000000081e00000, 0x0000000084b80000, 0x00000000d5f80000)
  object space 46592K, 16% used [0x0000000081e00000,0x000000008254e548,0x0000000084b80000)
 Metaspace       used 20599K, capacity 21519K, committed 21680K, reserved 1069056K
  class space    used 2479K, capacity 2704K, committed 2816K, reserved 1048576K
Event: 116.581 GC heap after
Heap after GC invocations=7 (full 1):
 PSYoungGen      total 44544K, used 438K [0x00000000d5f80000, 0x00000000d9800000, 0x0000000100000000)
  eden space 32256K, 0% used [0x00000000d5f80000,0x00000000d5f80000,0x00000000d7f00000)
  from space 12288K, 3% used [0x00000000d8b80000,0x00000000d8bed9d8,0x00000000d9780000)
  to   space 12800K, 0% used [0x00000000d7f00000,0x00000000d7f00000,0x00000000d8b80000)
 ParOldGen       total 46592K, used 7489K [0x0000000081e00000, 0x0000000084b80000, 0x00000000d5f80000)
  object space 46592K, 16% used [0x0000000081e00000,0x0000000082550548,0x0000000084b80000)
 Metaspace       used 20599K, capacity 21519K, committed 21680K, reserved 1069056K
  class space    used 2479K, capacity 2704K, committed 2816K, reserved 1048576K
}

Deoptimization events (10 events):
Event: 16.862 Thread 0x0000000002e86000 Uncommon trap: reason=class_check action=maybe_recompile pc=0x00000000034ebd3c method=org.openqa.selenium.json.Input.init()V @ 18
Event: 16.862 Thread 0x0000000002e86000 Uncommon trap: reason=class_check action=maybe_recompile pc=0x00000000034e6548 method=org.openqa.selenium.json.Input.init()V @ 18
Event: 17.466 Thread 0x0000000002e86000 Uncommon trap: reason=unstable_if action=reinterpret pc=0x0000000003306c3c method=sun.nio.cs.UTF_8$Decoder.decode([BII[C)I @ 30
Event: 17.482 Thread 0x000000001bd3c800 Uncommon trap: reason=unstable_if action=reinterpret pc=0x0000000003536d90 method=org.openqa.selenium.io.CircularOutputStream.write(I)V @ 9
Event: 17.482 Thread 0x000000001bd3c800 Uncommon trap: reason=unstable_if action=reinterpret pc=0x000000000352c2c8 method=org.openqa.selenium.io.CircularOutputStream.write(I)V @ 26
Event: 18.028 Thread 0x0000000002e86000 Uncommon trap: reason=unstable_if action=reinterpret pc=0x00000000030f72b4 method=sun.nio.cs.UTF_8$Encoder.encode([CII[B)I @ 33
Event: 25.927 Thread 0x000000001bd3c800 Uncommon trap: reason=unstable_if action=reinterpret pc=0x00000000035e7db8 method=org.openqa.selenium.io.CircularOutputStream.write(I)V @ 52
Event: 37.229 Thread 0x000000001bd3c800 Uncommon trap: reason=unstable_if action=reinterpret pc=0x00000000035b4a60 method=org.openqa.selenium.io.CircularOutputStream.write(I)V @ 52
Event: 55.049 Thread 0x0000000002e86000 Uncommon trap: reason=unstable_if action=reinterpret pc=0x00000000031d199c method=java.util.ArrayList.rangeCheck(I)V @ 5
Event: 80.373 Thread 0x0000000002e86000 Uncommon trap: reason=unstable_if action=reinterpret pc=0x0000000003161f4c method=sun.nio.cs.SingleByte$Encoder.encode(C)I @ 13

Classes redefined (3 events):
Event: 642.393 Thread 0x0000000017eea000 redefined class name=vnpay.vietcombank.sdk.vehicleTickets.VehicalFlowTicket, count=1
Event: 1397.828 Thread 0x0000000017eea000 redefined class name=vehicalPageObject.VehicalPageObject, count=1
Event: 1397.834 Thread 0x0000000017eea000 redefined class name=vnpay.vietcombank.sdk.vehicleTickets.VehicalFlowTicket, count=2

Internal exceptions (10 events):
Event: 107.845 Thread 0x0000000002e86000 Exception <a 'java/net/SocketTimeoutException': Read timed out> (0x00000000d7b908c0) thrown at [C:\re\workspace\8-2-build-windows-amd64-cygwin\jdk8u211\12973\hotspot\src\share\vm\prims\jni.cpp, line 736]
Event: 108.377 Thread 0x0000000002e86000 Exception <a 'java/net/SocketTimeoutException': Read timed out> (0x00000000d7bb5138) thrown at [C:\re\workspace\8-2-build-windows-amd64-cygwin\jdk8u211\12973\hotspot\src\share\vm\prims\jni.cpp, line 736]
Event: 109.084 Thread 0x0000000002e86000 Exception <a 'java/net/SocketTimeoutException': Read timed out> (0x00000000d7c4dfa0) thrown at [C:\re\workspace\8-2-build-windows-amd64-cygwin\jdk8u211\12973\hotspot\src\share\vm\prims\jni.cpp, line 736]
Event: 111.900 Thread 0x0000000002e86000 Exception <a 'java/net/SocketTimeoutException': Read timed out> (0x00000000d7c7a648) thrown at [C:\re\workspace\8-2-build-windows-amd64-cygwin\jdk8u211\12973\hotspot\src\share\vm\prims\jni.cpp, line 736]
Event: 111.908 Thread 0x0000000002e86000 Exception <a 'java/net/SocketTimeoutException': Read timed out> (0x00000000d7c8f9f0) thrown at [C:\re\workspace\8-2-build-windows-amd64-cygwin\jdk8u211\12973\hotspot\src\share\vm\prims\jni.cpp, line 736]
Event: 112.484 Thread 0x0000000002e86000 Exception <a 'java/net/SocketTimeoutException': Read timed out> (0x00000000d7cbb588) thrown at [C:\re\workspace\8-2-build-windows-amd64-cygwin\jdk8u211\12973\hotspot\src\share\vm\prims\jni.cpp, line 736]
Event: 113.001 Thread 0x0000000002e86000 Exception <a 'java/net/SocketTimeoutException': Read timed out> (0x00000000d7d25c40) thrown at [C:\re\workspace\8-2-build-windows-amd64-cygwin\jdk8u211\12973\hotspot\src\share\vm\prims\jni.cpp, line 736]
Event: 113.047 Thread 0x0000000002e86000 Exception <a 'java/net/SocketTimeoutException': Read timed out> (0x00000000d7d3be60) thrown at [C:\re\workspace\8-2-build-windows-amd64-cygwin\jdk8u211\12973\hotspot\src\share\vm\prims\jni.cpp, line 736]
Event: 115.367 Thread 0x0000000002e86000 Exception <a 'java/net/SocketTimeoutException': Read timed out> (0x00000000d7d67aa0) thrown at [C:\re\workspace\8-2-build-windows-amd64-cygwin\jdk8u211\12973\hotspot\src\share\vm\prims\jni.cpp, line 736]
Event: 116.594 Thread 0x0000000002e86000 Exception <a 'java/io/FileNotFoundException'> (0x00000000d606c260) thrown at [C:\re\workspace\8-2-build-windows-amd64-cygwin\jdk8u211\12973\hotspot\src\share\vm\prims\jni.cpp, line 710]

Events (10 events):
Event: 1437.174 Executing VM operation: GetOwnedMonitorInfo done
Event: 1572.693 Executing VM operation: GetCurrentContendedMonitor
Event: 1572.693 Executing VM operation: GetCurrentContendedMonitor done
Event: 1572.693 Executing VM operation: GetOwnedMonitorInfo
Event: 1572.693 Executing VM operation: GetOwnedMonitorInfo done
Event: 1573.004 Executing VM operation: GetOwnedMonitorInfo
Event: 1573.004 Executing VM operation: GetOwnedMonitorInfo done
Event: 1573.004 Executing VM operation: GetCurrentContendedMonitor
Event: 1573.004 Executing VM operation: GetCurrentContendedMonitor done
Event: 1573.035 Executing VM operation: GetOrSetLocal


Dynamic libraries:
0x00007ff63b330000 - 0x00007ff63b367000 	C:\Program Files\Java\jre1.8.0_211\bin\javaw.exe
0x00007ffe78440000 - 0x00007ffe7862d000 	C:\Windows\SYSTEM32\ntdll.dll
0x00007ffe77ba0000 - 0x00007ffe77c53000 	C:\Windows\System32\KERNEL32.DLL
0x00007ffe74e20000 - 0x00007ffe750b3000 	C:\Windows\System32\KERNELBASE.dll
0x00007ffe77470000 - 0x00007ffe77513000 	C:\Windows\System32\ADVAPI32.dll
0x00007ffe75b30000 - 0x00007ffe75bce000 	C:\Windows\System32\msvcrt.dll
0x00007ffe77ce0000 - 0x00007ffe77d7e000 	C:\Windows\System32\sechost.dll
0x00007ffe778f0000 - 0x00007ffe77a13000 	C:\Windows\System32\RPCRT4.dll
0x00007ffe77750000 - 0x00007ffe778e7000 	C:\Windows\System32\USER32.dll
0x00007ffe75370000 - 0x00007ffe75390000 	C:\Windows\System32\win32u.dll
0x00007ffe77520000 - 0x00007ffe77549000 	C:\Windows\System32\GDI32.dll
0x00007ffe75160000 - 0x00007ffe752fa000 	C:\Windows\System32\gdi32full.dll
0x00007ffe750c0000 - 0x00007ffe75160000 	C:\Windows\System32\msvcp_win.dll
0x00007ffe75390000 - 0x00007ffe7548c000 	C:\Windows\System32\ucrtbase.dll
0x00007ffe5f1e0000 - 0x00007ffe5f459000 	C:\Windows\WinSxS\amd64_microsoft.windows.common-controls_6595b64144ccf1df_6.0.17763.1_none_f040600eff408c2d\COMCTL32.dll
0x00007ffe75670000 - 0x00007ffe7599e000 	C:\Windows\System32\combase.dll
0x00007ffe74d10000 - 0x00007ffe74d8e000 	C:\Windows\System32\bcryptPrimitives.dll
0x00007ffe783e0000 - 0x00007ffe7840e000 	C:\Windows\System32\IMM32.DLL
0x00007ffe57180000 - 0x00007ffe57232000 	C:\Program Files\McAfee\Endpoint Security\Threat Prevention\Ips\EpMPApi.dll
0x00007ffe74dc0000 - 0x00007ffe74e18000 	C:\Windows\System32\WINTRUST.dll
0x00007ffe744f0000 - 0x00007ffe74502000 	C:\Windows\System32\MSASN1.dll
0x00007ffe75490000 - 0x00007ffe7566b000 	C:\Windows\System32\CRYPT32.dll
0x00000000509b0000 - 0x00000000509bc000 	C:\Program Files\McAfee\Endpoint Security\Threat Prevention\Ips\EpMPThe.dll
0x0000000077da0000 - 0x0000000077e72000 	C:\Program Files\Java\jre1.8.0_211\bin\msvcr100.dll
0x0000000076be0000 - 0x0000000077485000 	C:\Program Files\Java\jre1.8.0_211\bin\server\jvm.dll
0x00007ffe75a10000 - 0x00007ffe75a18000 	C:\Windows\System32\PSAPI.DLL
0x00007ffe6d620000 - 0x00007ffe6d629000 	C:\Windows\SYSTEM32\WSOCK32.dll
0x00007ffe63600000 - 0x00007ffe6360a000 	C:\Windows\SYSTEM32\VERSION.dll
0x00007ffe776e0000 - 0x00007ffe7774d000 	C:\Windows\System32\WS2_32.dll
0x00007ffe6acd0000 - 0x00007ffe6acf4000 	C:\Windows\SYSTEM32\WINMM.dll
0x00007ffe68d80000 - 0x00007ffe68dad000 	C:\Windows\SYSTEM32\WINMMBASE.dll
0x00007ffe75300000 - 0x00007ffe7534a000 	C:\Windows\System32\cfgmgr32.dll
0x00007ffe6a490000 - 0x00007ffe6a49f000 	C:\Program Files\Java\jre1.8.0_211\bin\verify.dll
0x00007ffe67270000 - 0x00007ffe67299000 	C:\Program Files\Java\jre1.8.0_211\bin\java.dll
0x00007ffe59f80000 - 0x00007ffe59fb5000 	C:\Program Files\Java\jre1.8.0_211\bin\jdwp.dll
0x00007ffe65a40000 - 0x00007ffe65a48000 	C:\Program Files\Java\jre1.8.0_211\bin\npt.dll
0x00007ffe67e10000 - 0x00007ffe67e26000 	C:\Program Files\Java\jre1.8.0_211\bin\zip.dll
0x00007ffe75f80000 - 0x00007ffe7746f000 	C:\Windows\System32\SHELL32.dll
0x00007ffe77a20000 - 0x00007ffe77ac8000 	C:\Windows\System32\shcore.dll
0x00007ffe745c0000 - 0x00007ffe74d08000 	C:\Windows\System32\windows.storage.dll
0x00007ffe744c0000 - 0x00007ffe744e4000 	C:\Windows\System32\profapi.dll
0x00007ffe74460000 - 0x00007ffe744bd000 	C:\Windows\System32\powrprof.dll
0x00007ffe77680000 - 0x00007ffe776d2000 	C:\Windows\System32\shlwapi.dll
0x00007ffe74440000 - 0x00007ffe74451000 	C:\Windows\System32\kernel.appcore.dll
0x00007ffe75350000 - 0x00007ffe75367000 	C:\Windows\System32\cryptsp.dll
0x00007ffe656d0000 - 0x00007ffe656d9000 	C:\Program Files\Java\jre1.8.0_211\bin\dt_socket.dll
0x00007ffe57070000 - 0x00007ffe57086000 	C:\Windows\system32\napinsp.dll
0x00007ffe57020000 - 0x00007ffe5703a000 	C:\Windows\system32\pnrpnsp.dll
0x00007ffe73cd0000 - 0x00007ffe73d37000 	C:\Windows\System32\mswsock.dll
0x00007ffe73a70000 - 0x00007ffe73b36000 	C:\Windows\SYSTEM32\DNSAPI.dll
0x00007ffe77f50000 - 0x00007ffe77f58000 	C:\Windows\System32\NSI.dll
0x00007ffe73a30000 - 0x00007ffe73a6d000 	C:\Windows\SYSTEM32\IPHLPAPI.DLL
0x00007ffe56fb0000 - 0x00007ffe56fbe000 	C:\Windows\System32\winrnr.dll
0x00007ffe6d3d0000 - 0x00007ffe6d3eb000 	C:\Windows\system32\NLAapi.dll
0x00007ffe6a5c0000 - 0x00007ffe6a5d5000 	C:\Windows\system32\wshbth.dll
0x00007ffe6b640000 - 0x00007ffe6b6b9000 	C:\Windows\System32\fwpuclnt.dll
0x00007ffe74d90000 - 0x00007ffe74db6000 	C:\Windows\System32\bcrypt.dll
0x00007ffe686e0000 - 0x00007ffe686ea000 	C:\Windows\System32\rasadhlp.dll
0x00007ffe67250000 - 0x00007ffe6726a000 	C:\Program Files\Java\jre1.8.0_211\bin\net.dll
0x00007ffe5fb00000 - 0x00007ffe5fcd7000 	C:\Windows\SYSTEM32\urlmon.dll
0x00007ffe62ed0000 - 0x00007ffe63178000 	C:\Windows\SYSTEM32\iertutil.dll
0x00007ffe73ea0000 - 0x00007ffe73eac000 	C:\Windows\SYSTEM32\CRYPTBASE.DLL
0x00007ffe73890000 - 0x00007ffe738c3000 	C:\Windows\system32\rsaenh.dll
0x00007ffe74340000 - 0x00007ffe74368000 	C:\Windows\SYSTEM32\USERENV.dll
0x00007ffe6b440000 - 0x00007ffe6b456000 	C:\Windows\SYSTEM32\dhcpcsvc6.DLL
0x00007ffe6b3d0000 - 0x00007ffe6b3ec000 	C:\Windows\SYSTEM32\dhcpcsvc.DLL
0x00007ffe67230000 - 0x00007ffe67242000 	C:\Program Files\Java\jre1.8.0_211\bin\nio.dll
0x00007ffe65180000 - 0x00007ffe651a4000 	C:\Program Files\Java\jre1.8.0_211\bin\sunec.dll
0x00007ffe66b30000 - 0x00007ffe66b3b000 	C:\Program Files\Java\jre1.8.0_211\bin\sunmscapi.dll
0x00007ffe2b5c0000 - 0x00007ffe2b759000 	C:\Program Files\Java\jre1.8.0_211\bin\awt.dll
0x00007ffe77ad0000 - 0x00007ffe77b9b000 	C:\Windows\System32\OLEAUT32.dll
0x00007ffe6d660000 - 0x00007ffe6d6ec000 	C:\Windows\SYSTEM32\apphelp.dll

VM Arguments:
jvm_args: -agentlib:jdwp=transport=dt_socket,suspend=y,address=localhost:55550 -ea -Dfile.encoding=Cp1252 
java_command: org.testng.remote.RemoteTestNG -serport 55549 -d C:\Users\trangvt3\Desktop\VCB_Automation\test-output C:\Users\trangvt3\Desktop\VCB_Automation\src\test\resources\runTestCaseTrang.xml
java_class_path (initial): C:\Program Files\Java\jre1.8.0_211\lib\resources.jar;C:\Program Files\Java\jre1.8.0_211\lib\rt.jar;C:\Program Files\Java\jre1.8.0_211\lib\jsse.jar;C:\Program Files\Java\jre1.8.0_211\lib\jce.jar;C:\Program Files\Java\jre1.8.0_211\lib\charsets.jar;C:\Program Files\Java\jre1.8.0_211\lib\jfr.jar;C:\Program Files\Java\jre1.8.0_211\lib\ext\access-bridge-64.jar;C:\Program Files\Java\jre1.8.0_211\lib\ext\cldrdata.jar;C:\Program Files\Java\jre1.8.0_211\lib\ext\dnsns.jar;C:\Program Files\Java\jre1.8.0_211\lib\ext\jaccess.jar;C:\Program Files\Java\jre1.8.0_211\lib\ext\jfxrt.jar;C:\Program Files\Java\jre1.8.0_211\lib\ext\localedata.jar;C:\Program Files\Java\jre1.8.0_211\lib\ext\nashorn.jar;C:\Program Files\Java\jre1.8.0_211\lib\ext\sunec.jar;C:\Program Files\Java\jre1.8.0_211\lib\ext\sunjce_provider.jar;C:\Program Files\Java\jre1.8.0_211\lib\ext\sunmscapi.jar;C:\Program Files\Java\jre1.8.0_211\lib\ext\sunpkcs11.jar;C:\Program Files\Java\jre1.8.0_211\lib\ext\zipfs.jar;C:\Users\trangvt3\Desktop\VCB_Automation\target\test-classes;C:\Users\trangvt3\Desktop\VCB_Automation\target\classes;C:\Users\trangvt3\.m2\repository\com\sun\mail\javax.mail\1.6.2\javax.mail-1.6.2.jar;C:\Users\trangvt3\.m2\repository\javax\activation\activation\1.1\activation-1.1.jar;C:\Users\trangvt3\.m2\repository\org\slf4j\slf4j-simple\1.7.28\slf4j-simple-1.7.28.jar;C:\Users\trangvt3\.m2\repository\org\testng\testng\6.9.10\testng-6.9.10.jar;C:\Users\trangvt3\.m2\repository\com\beust\jcommander\1.48\jcommander-1.48.jar;C:\Users\trangvt3\.m2\repository\org\beanshell\bsh\2.0b4\bsh-2.0b4.jar;C:\Users\trangvt3\.m2\repository\org\seleniumhq\selenium\selenium-java\3.141.59\selenium-java-3.141.59.jar;C:\Users\trangvt3\.m2\repository\org\seleniumhq\selenium\selenium-api\3.141.59\selenium-api-3.141.59.jar;C:\Users\trangvt3\.m2\repository\org\seleniumhq\selenium\selenium-chrome-driver\3.141.59\selenium-chrome-driver-3.141.59.jar;C:\Users\trangvt3\.m2\repository\org\seleniumhq\selenium\selenium-
Launcher Type: SUN_STANDARD

Environment Variables:
JAVA_HOME=C:\Program Files\Java\jdk1.8.0_211
PATH=C:/Program Files/Java/jre1.8.0_211/bin/server;C:/Program Files/Java/jre1.8.0_211/bin;C:/Program Files/Java/jre1.8.0_211/lib/amd64;C:\Program Files (x86)\Common Files\Oracle\Java\javapath;C:\Windows\system32;C:\Windows;C:\Windows\System32\Wbem;C:\Windows\System32\WindowsPowerShell\v1.0\;C:\Windows\System32\OpenSSH\;C:\Program Files\nodejs\;C:\Program Files\nodejs\node_modules\npm;%JAVA_HOME%\bin;C:\Program Files\nodejs\node_modules\npm\bin;%MAVEN_HOME%\bin;C:\Users\trangvt3\Desktop\apache-maven-3.6.2-bin\apache-maven-3.6.2;%MAVEN_HOME%\bin;%ANDROID_HOME%\tools\bin;C:\Program Files\TortoiseSVN\bin;C:\Users\trangvt3\AppData\Local\Android\Sdk\platform-tools;C:\Users\trangvt3\AppData\Local\Android\Sdk\tools;C:\Users\trangvt3\AppData\Local\Microsoft\WindowsApps;C:\Users\trangvt3\AppData\Roaming\npm;C:\Users\trangvt3\AppData\Local\Programs\Git\cmd;C:\Users\trangvt3\AppData\Local\GitHubDesktop\bin;C:\Users\trangvt3\Downloads\Software\eclipse-java-photon-R-x64\eclipse;
USERNAME=trangvt3
OS=Windows_NT
PROCESSOR_IDENTIFIER=Intel64 Family 6 Model 142 Stepping 12, GenuineIntel



---------------  S Y S T E M  ---------------

OS: Windows 10.0 , 64 bit Build 17763 (10.0.17763.1)

CPU:total 8 (initial active 8) (4 cores per cpu, 2 threads per core) family 6 model 142 stepping 12, cmov, cx8, fxsr, mmx, sse, sse2, sse3, ssse3, sse4.1, sse4.2, popcnt, avx, avx2, aes, clmul, erms, 3dnowpref, lzcnt, ht, tsc, tscinvbit, bmi1, bmi2, adx

Memory: 4k page, physical 8262124k(2388520k free), swap 10228204k(2329384k free)

vm_info: Java HotSpot(TM) 64-Bit Server VM (25.211-b12) for windows-amd64 JRE (1.8.0_211-b12), built on Apr  1 2019 20:53:26 by "java_re" with MS VC++ 10.0 (VS2010)

time: Wed Mar 25 09:58:32 2020
timezone: SE Asia Standard Time
elapsed time: 1573 seconds (0d 0h 26m 13s)

